{"/Users/afif/School/UGM/MBKM/BINAR ACADEMY/FINAL PROJECT/BE-FINAL_PROJECT-TEAM_12/app.js": {"path":"/Users/afif/School/UGM/MBKM/BINAR ACADEMY/FINAL PROJECT/BE-FINAL_PROJECT-TEAM_12/app.js","statementMap":{"0":{"start":{"line":1,"column":15},"end":{"line":1,"column":32}},"1":{"start":{"line":2,"column":0},"end":{"line":9,"column":1}},"2":{"start":{"line":3,"column":2},"end":{"line":8,"column":3}},"3":{"start":{"line":4,"column":4},"end":{"line":4,"column":41}},"4":{"start":{"line":7,"column":4},"end":{"line":7,"column":36}},"5":{"start":{"line":11,"column":16},"end":{"line":11,"column":34}},"6":{"start":{"line":12,"column":25},"end":{"line":12,"column":50}},"7":{"start":{"line":13,"column":19},"end":{"line":13,"column":41}},"8":{"start":{"line":14,"column":13},"end":{"line":14,"column":28}},"9":{"start":{"line":15,"column":13},"end":{"line":15,"column":28}},"10":{"start":{"line":17,"column":12},"end":{"line":17,"column":21}},"11":{"start":{"line":18,"column":15},"end":{"line":18,"column":33}},"12":{"start":{"line":21,"column":20},"end":{"line":21,"column":56}},"13":{"start":{"line":22,"column":21},"end":{"line":22,"column":58}},"14":{"start":{"line":24,"column":25},"end":{"line":24,"column":61}},"15":{"start":{"line":25,"column":28},"end":{"line":25,"column":61}},"16":{"start":{"line":26,"column":19},"end":{"line":26,"column":49}},"17":{"start":{"line":27,"column":22},"end":{"line":27,"column":55}},"18":{"start":{"line":28,"column":22},"end":{"line":28,"column":55}},"19":{"start":{"line":29,"column":29},"end":{"line":29,"column":69}},"20":{"start":{"line":30,"column":22},"end":{"line":30,"column":55}},"21":{"start":{"line":31,"column":27},"end":{"line":31,"column":65}},"22":{"start":{"line":32,"column":26},"end":{"line":32,"column":64}},"23":{"start":{"line":33,"column":21},"end":{"line":33,"column":54}},"24":{"start":{"line":35,"column":0},"end":{"line":35,"column":16}},"25":{"start":{"line":36,"column":0},"end":{"line":36,"column":56}},"26":{"start":{"line":37,"column":0},"end":{"line":37,"column":24}},"27":{"start":{"line":38,"column":0},"end":{"line":38,"column":48}},"28":{"start":{"line":39,"column":0},"end":{"line":39,"column":27}},"29":{"start":{"line":42,"column":16},"end":{"line":55,"column":1}},"30":{"start":{"line":57,"column":0},"end":{"line":57,"column":54}},"31":{"start":{"line":57,"column":26},"end":{"line":57,"column":52}},"32":{"start":{"line":60,"column":0},"end":{"line":60,"column":22}},"33":{"start":{"line":63,"column":0},"end":{"line":69,"column":2}},"34":{"start":{"line":64,"column":2},"end":{"line":64,"column":19}},"35":{"start":{"line":65,"column":2},"end":{"line":68,"column":4}},"36":{"start":{"line":79,"column":13},"end":{"line":79,"column":37}},"37":{"start":{"line":81,"column":0},"end":{"line":85,"column":1}},"38":{"start":{"line":82,"column":2},"end":{"line":84,"column":5}},"39":{"start":{"line":83,"column":4},"end":{"line":83,"column":62}},"40":{"start":{"line":87,"column":0},"end":{"line":87,"column":21}}},"fnMap":{"0":{"name":"(anonymous_0)","decl":{"start":{"line":57,"column":16},"end":{"line":57,"column":17}},"loc":{"start":{"line":57,"column":26},"end":{"line":57,"column":52}},"line":57},"1":{"name":"(anonymous_1)","decl":{"start":{"line":63,"column":8},"end":{"line":63,"column":9}},"loc":{"start":{"line":63,"column":33},"end":{"line":69,"column":1}},"line":63},"2":{"name":"(anonymous_2)","decl":{"start":{"line":82,"column":19},"end":{"line":82,"column":20}},"loc":{"start":{"line":82,"column":25},"end":{"line":84,"column":3}},"line":82}},"branchMap":{"0":{"loc":{"start":{"line":2,"column":0},"end":{"line":9,"column":1}},"type":"if","locations":[{"start":{"line":2,"column":0},"end":{"line":9,"column":1}},{"start":{},"end":{}}],"line":2},"1":{"loc":{"start":{"line":3,"column":2},"end":{"line":8,"column":3}},"type":"if","locations":[{"start":{"line":3,"column":2},"end":{"line":8,"column":3}},{"start":{"line":6,"column":6},"end":{"line":8,"column":3}}],"line":3},"2":{"loc":{"start":{"line":79,"column":13},"end":{"line":79,"column":37}},"type":"binary-expr","locations":[{"start":{"line":79,"column":13},"end":{"line":79,"column":29}},{"start":{"line":79,"column":33},"end":{"line":79,"column":37}}],"line":79},"3":{"loc":{"start":{"line":81,"column":0},"end":{"line":85,"column":1}},"type":"if","locations":[{"start":{"line":81,"column":0},"end":{"line":85,"column":1}},{"start":{},"end":{}}],"line":81}},"s":{"0":1,"1":1,"2":1,"3":1,"4":0,"5":1,"6":1,"7":1,"8":1,"9":1,"10":1,"11":1,"12":1,"13":1,"14":1,"15":1,"16":1,"17":1,"18":1,"19":1,"20":1,"21":1,"22":1,"23":1,"24":1,"25":1,"26":1,"27":1,"28":1,"29":1,"30":1,"31":10,"32":1,"33":1,"34":0,"35":0,"36":1,"37":1,"38":0,"39":0,"40":1},"f":{"0":10,"1":0,"2":0},"b":{"0":[1,0],"1":[1,0],"2":[1,1],"3":[0,1]},"_coverageSchema":"1a1c01bbd47fc00a2c39e90264f33305004495a9","hash":"c078af0b431fe9c4cdadc4c1f39c95af09174489"}
,"/Users/afif/School/UGM/MBKM/BINAR ACADEMY/FINAL PROJECT/BE-FINAL_PROJECT-TEAM_12/controllers/airlineController.js": {"path":"/Users/afif/School/UGM/MBKM/BINAR ACADEMY/FINAL PROJECT/BE-FINAL_PROJECT-TEAM_12/controllers/airlineController.js","statementMap":{"0":{"start":{"line":1,"column":23},"end":{"line":1,"column":60}},"1":{"start":{"line":5,"column":8},"end":{"line":28,"column":9}},"2":{"start":{"line":6,"column":12},"end":{"line":11,"column":13}},"3":{"start":{"line":7,"column":16},"end":{"line":10,"column":19}},"4":{"start":{"line":13,"column":32},"end":{"line":13,"column":74}},"5":{"start":{"line":15,"column":34},"end":{"line":19,"column":14}},"6":{"start":{"line":21,"column":12},"end":{"line":25,"column":15}},"7":{"start":{"line":27,"column":12},"end":{"line":27,"column":24}},"8":{"start":{"line":32,"column":8},"end":{"line":42,"column":9}},"9":{"start":{"line":33,"column":29},"end":{"line":33,"column":66}},"10":{"start":{"line":35,"column":12},"end":{"line":39,"column":15}},"11":{"start":{"line":41,"column":12},"end":{"line":41,"column":24}},"12":{"start":{"line":46,"column":31},"end":{"line":46,"column":41}},"13":{"start":{"line":47,"column":8},"end":{"line":63,"column":9}},"14":{"start":{"line":48,"column":28},"end":{"line":48,"column":75}},"15":{"start":{"line":49,"column":12},"end":{"line":54,"column":13}},"16":{"start":{"line":50,"column":16},"end":{"line":53,"column":19}},"17":{"start":{"line":56,"column":12},"end":{"line":60,"column":15}},"18":{"start":{"line":62,"column":12},"end":{"line":62,"column":24}},"19":{"start":{"line":67,"column":31},"end":{"line":67,"column":41}},"20":{"start":{"line":68,"column":8},"end":{"line":87,"column":9}},"21":{"start":{"line":69,"column":36},"end":{"line":69,"column":83}},"22":{"start":{"line":71,"column":12},"end":{"line":76,"column":13}},"23":{"start":{"line":72,"column":16},"end":{"line":75,"column":19}},"24":{"start":{"line":78,"column":12},"end":{"line":78,"column":70}},"25":{"start":{"line":79,"column":12},"end":{"line":79,"column":59}},"26":{"start":{"line":81,"column":12},"end":{"line":84,"column":15}},"27":{"start":{"line":86,"column":12},"end":{"line":86,"column":24}},"28":{"start":{"line":91,"column":31},"end":{"line":91,"column":41}},"29":{"start":{"line":92,"column":45},"end":{"line":92,"column":53}},"30":{"start":{"line":93,"column":21},"end":{"line":93,"column":29}},"31":{"start":{"line":95,"column":8},"end":{"line":126,"column":9}},"32":{"start":{"line":96,"column":36},"end":{"line":96,"column":83}},"33":{"start":{"line":97,"column":12},"end":{"line":102,"column":13}},"34":{"start":{"line":98,"column":16},"end":{"line":101,"column":19}},"35":{"start":{"line":104,"column":31},"end":{"line":107,"column":13}},"36":{"start":{"line":109,"column":12},"end":{"line":115,"column":13}},"37":{"start":{"line":110,"column":16},"end":{"line":110,"column":74}},"38":{"start":{"line":112,"column":37},"end":{"line":112,"column":75}},"39":{"start":{"line":113,"column":16},"end":{"line":113,"column":56}},"40":{"start":{"line":114,"column":16},"end":{"line":114,"column":57}},"41":{"start":{"line":117,"column":35},"end":{"line":117,"column":93}},"42":{"start":{"line":119,"column":12},"end":{"line":123,"column":15}},"43":{"start":{"line":125,"column":12},"end":{"line":125,"column":24}},"44":{"start":{"line":130,"column":0},"end":{"line":130,"column":35}}},"fnMap":{"0":{"name":"(anonymous_0)","decl":{"start":{"line":4,"column":4},"end":{"line":4,"column":5}},"loc":{"start":{"line":4,"column":53},"end":{"line":29,"column":5}},"line":4},"1":{"name":"(anonymous_1)","decl":{"start":{"line":31,"column":4},"end":{"line":31,"column":5}},"loc":{"start":{"line":31,"column":45},"end":{"line":43,"column":5}},"line":31},"2":{"name":"(anonymous_2)","decl":{"start":{"line":45,"column":4},"end":{"line":45,"column":5}},"loc":{"start":{"line":45,"column":48},"end":{"line":64,"column":5}},"line":45},"3":{"name":"(anonymous_3)","decl":{"start":{"line":66,"column":4},"end":{"line":66,"column":5}},"loc":{"start":{"line":66,"column":47},"end":{"line":88,"column":5}},"line":66},"4":{"name":"(anonymous_4)","decl":{"start":{"line":90,"column":4},"end":{"line":90,"column":5}},"loc":{"start":{"line":90,"column":47},"end":{"line":127,"column":5}},"line":90}},"branchMap":{"0":{"loc":{"start":{"line":6,"column":12},"end":{"line":11,"column":13}},"type":"if","locations":[{"start":{"line":6,"column":12},"end":{"line":11,"column":13}},{"start":{},"end":{}}],"line":6},"1":{"loc":{"start":{"line":6,"column":16},"end":{"line":6,"column":51}},"type":"binary-expr","locations":[{"start":{"line":6,"column":16},"end":{"line":6,"column":38}},{"start":{"line":6,"column":42},"end":{"line":6,"column":51}}],"line":6},"2":{"loc":{"start":{"line":49,"column":12},"end":{"line":54,"column":13}},"type":"if","locations":[{"start":{"line":49,"column":12},"end":{"line":54,"column":13}},{"start":{},"end":{}}],"line":49},"3":{"loc":{"start":{"line":71,"column":12},"end":{"line":76,"column":13}},"type":"if","locations":[{"start":{"line":71,"column":12},"end":{"line":76,"column":13}},{"start":{},"end":{}}],"line":71},"4":{"loc":{"start":{"line":97,"column":12},"end":{"line":102,"column":13}},"type":"if","locations":[{"start":{"line":97,"column":12},"end":{"line":102,"column":13}},{"start":{},"end":{}}],"line":97},"5":{"loc":{"start":{"line":105,"column":20},"end":{"line":105,"column":52}},"type":"binary-expr","locations":[{"start":{"line":105,"column":20},"end":{"line":105,"column":32}},{"start":{"line":105,"column":36},"end":{"line":105,"column":52}}],"line":105},"6":{"loc":{"start":{"line":106,"column":20},"end":{"line":106,"column":70}},"type":"binary-expr","locations":[{"start":{"line":106,"column":20},"end":{"line":106,"column":30}},{"start":{"line":106,"column":34},"end":{"line":106,"column":70}}],"line":106},"7":{"loc":{"start":{"line":109,"column":12},"end":{"line":115,"column":13}},"type":"if","locations":[{"start":{"line":109,"column":12},"end":{"line":115,"column":13}},{"start":{},"end":{}}],"line":109}},"s":{"0":1,"1":0,"2":0,"3":0,"4":0,"5":0,"6":0,"7":0,"8":0,"9":0,"10":0,"11":0,"12":0,"13":0,"14":0,"15":0,"16":0,"17":0,"18":0,"19":0,"20":0,"21":0,"22":0,"23":0,"24":0,"25":0,"26":0,"27":0,"28":0,"29":0,"30":0,"31":0,"32":0,"33":0,"34":0,"35":0,"36":0,"37":0,"38":0,"39":0,"40":0,"41":0,"42":0,"43":0,"44":1},"f":{"0":0,"1":0,"2":0,"3":0,"4":0},"b":{"0":[0,0],"1":[0,0],"2":[0,0],"3":[0,0],"4":[0,0],"5":[0,0],"6":[0,0],"7":[0,0]},"_coverageSchema":"1a1c01bbd47fc00a2c39e90264f33305004495a9","hash":"8954f45a5be2d662f4536a4b3c461fc2675cbd8c"}
,"/Users/afif/School/UGM/MBKM/BINAR ACADEMY/FINAL PROJECT/BE-FINAL_PROJECT-TEAM_12/controllers/airportController.js": {"path":"/Users/afif/School/UGM/MBKM/BINAR ACADEMY/FINAL PROJECT/BE-FINAL_PROJECT-TEAM_12/controllers/airportController.js","statementMap":{"0":{"start":{"line":1,"column":17},"end":{"line":1,"column":44}},"1":{"start":{"line":2,"column":23},"end":{"line":2,"column":60}},"2":{"start":{"line":6,"column":8},"end":{"line":44,"column":9}},"3":{"start":{"line":7,"column":12},"end":{"line":12,"column":13}},"4":{"start":{"line":8,"column":16},"end":{"line":11,"column":19}},"5":{"start":{"line":14,"column":12},"end":{"line":19,"column":13}},"6":{"start":{"line":15,"column":16},"end":{"line":18,"column":19}},"7":{"start":{"line":21,"column":31},"end":{"line":21,"column":65}},"8":{"start":{"line":23,"column":32},"end":{"line":26,"column":14}},"9":{"start":{"line":28,"column":34},"end":{"line":35,"column":14}},"10":{"start":{"line":37,"column":12},"end":{"line":41,"column":15}},"11":{"start":{"line":43,"column":12},"end":{"line":43,"column":24}},"12":{"start":{"line":48,"column":8},"end":{"line":58,"column":9}},"13":{"start":{"line":49,"column":29},"end":{"line":49,"column":63}},"14":{"start":{"line":51,"column":12},"end":{"line":55,"column":15}},"15":{"start":{"line":57,"column":12},"end":{"line":57,"column":24}},"16":{"start":{"line":62,"column":31},"end":{"line":62,"column":41}},"17":{"start":{"line":63,"column":8},"end":{"line":79,"column":9}},"18":{"start":{"line":64,"column":28},"end":{"line":64,"column":75}},"19":{"start":{"line":65,"column":12},"end":{"line":70,"column":13}},"20":{"start":{"line":66,"column":16},"end":{"line":69,"column":19}},"21":{"start":{"line":72,"column":12},"end":{"line":76,"column":15}},"22":{"start":{"line":78,"column":12},"end":{"line":78,"column":24}},"23":{"start":{"line":83,"column":31},"end":{"line":83,"column":41}},"24":{"start":{"line":85,"column":8},"end":{"line":104,"column":9}},"25":{"start":{"line":86,"column":36},"end":{"line":86,"column":83}},"26":{"start":{"line":88,"column":12},"end":{"line":93,"column":13}},"27":{"start":{"line":89,"column":16},"end":{"line":92,"column":19}},"28":{"start":{"line":95,"column":12},"end":{"line":95,"column":63}},"29":{"start":{"line":96,"column":12},"end":{"line":96,"column":63}},"30":{"start":{"line":98,"column":12},"end":{"line":101,"column":15}},"31":{"start":{"line":103,"column":12},"end":{"line":103,"column":24}},"32":{"start":{"line":108,"column":31},"end":{"line":108,"column":41}},"33":{"start":{"line":109,"column":53},"end":{"line":109,"column":61}},"34":{"start":{"line":110,"column":21},"end":{"line":110,"column":29}},"35":{"start":{"line":112,"column":8},"end":{"line":160,"column":9}},"36":{"start":{"line":113,"column":36},"end":{"line":113,"column":83}},"37":{"start":{"line":115,"column":12},"end":{"line":120,"column":13}},"38":{"start":{"line":116,"column":16},"end":{"line":119,"column":19}},"39":{"start":{"line":122,"column":31},"end":{"line":126,"column":13}},"40":{"start":{"line":128,"column":12},"end":{"line":142,"column":13}},"41":{"start":{"line":129,"column":35},"end":{"line":129,"column":65}},"42":{"start":{"line":131,"column":16},"end":{"line":133,"column":17}},"43":{"start":{"line":132,"column":20},"end":{"line":132,"column":71}},"44":{"start":{"line":135,"column":37},"end":{"line":138,"column":18}},"45":{"start":{"line":140,"column":16},"end":{"line":140,"column":56}},"46":{"start":{"line":141,"column":16},"end":{"line":141,"column":57}},"47":{"start":{"line":144,"column":12},"end":{"line":149,"column":13}},"48":{"start":{"line":145,"column":16},"end":{"line":148,"column":19}},"49":{"start":{"line":151,"column":35},"end":{"line":151,"column":97}},"50":{"start":{"line":153,"column":12},"end":{"line":157,"column":15}},"51":{"start":{"line":159,"column":12},"end":{"line":159,"column":24}},"52":{"start":{"line":164,"column":0},"end":{"line":164,"column":35}}},"fnMap":{"0":{"name":"(anonymous_0)","decl":{"start":{"line":5,"column":4},"end":{"line":5,"column":5}},"loc":{"start":{"line":5,"column":47},"end":{"line":45,"column":5}},"line":5},"1":{"name":"(anonymous_1)","decl":{"start":{"line":47,"column":4},"end":{"line":47,"column":5}},"loc":{"start":{"line":47,"column":45},"end":{"line":59,"column":5}},"line":47},"2":{"name":"(anonymous_2)","decl":{"start":{"line":61,"column":4},"end":{"line":61,"column":5}},"loc":{"start":{"line":61,"column":48},"end":{"line":80,"column":5}},"line":61},"3":{"name":"(anonymous_3)","decl":{"start":{"line":82,"column":4},"end":{"line":82,"column":5}},"loc":{"start":{"line":82,"column":47},"end":{"line":105,"column":5}},"line":82},"4":{"name":"(anonymous_4)","decl":{"start":{"line":107,"column":4},"end":{"line":107,"column":5}},"loc":{"start":{"line":107,"column":47},"end":{"line":161,"column":5}},"line":107}},"branchMap":{"0":{"loc":{"start":{"line":7,"column":12},"end":{"line":12,"column":13}},"type":"if","locations":[{"start":{"line":7,"column":12},"end":{"line":12,"column":13}},{"start":{},"end":{}}],"line":7},"1":{"loc":{"start":{"line":7,"column":16},"end":{"line":7,"column":82}},"type":"binary-expr","locations":[{"start":{"line":7,"column":16},"end":{"line":7,"column":30}},{"start":{"line":7,"column":34},"end":{"line":7,"column":56}},{"start":{"line":7,"column":60},"end":{"line":7,"column":82}}],"line":7},"2":{"loc":{"start":{"line":14,"column":12},"end":{"line":19,"column":13}},"type":"if","locations":[{"start":{"line":14,"column":12},"end":{"line":19,"column":13}},{"start":{},"end":{}}],"line":14},"3":{"loc":{"start":{"line":65,"column":12},"end":{"line":70,"column":13}},"type":"if","locations":[{"start":{"line":65,"column":12},"end":{"line":70,"column":13}},{"start":{},"end":{}}],"line":65},"4":{"loc":{"start":{"line":88,"column":12},"end":{"line":93,"column":13}},"type":"if","locations":[{"start":{"line":88,"column":12},"end":{"line":93,"column":13}},{"start":{},"end":{}}],"line":88},"5":{"loc":{"start":{"line":115,"column":12},"end":{"line":120,"column":13}},"type":"if","locations":[{"start":{"line":115,"column":12},"end":{"line":120,"column":13}},{"start":{},"end":{}}],"line":115},"6":{"loc":{"start":{"line":123,"column":20},"end":{"line":123,"column":36}},"type":"binary-expr","locations":[{"start":{"line":123,"column":20},"end":{"line":123,"column":24}},{"start":{"line":123,"column":28},"end":{"line":123,"column":36}}],"line":123},"7":{"loc":{"start":{"line":124,"column":20},"end":{"line":124,"column":52}},"type":"binary-expr","locations":[{"start":{"line":124,"column":20},"end":{"line":124,"column":32}},{"start":{"line":124,"column":36},"end":{"line":124,"column":52}}],"line":124},"8":{"loc":{"start":{"line":125,"column":20},"end":{"line":125,"column":52}},"type":"binary-expr","locations":[{"start":{"line":125,"column":20},"end":{"line":125,"column":32}},{"start":{"line":125,"column":36},"end":{"line":125,"column":52}}],"line":125},"9":{"loc":{"start":{"line":128,"column":12},"end":{"line":142,"column":13}},"type":"if","locations":[{"start":{"line":128,"column":12},"end":{"line":142,"column":13}},{"start":{},"end":{}}],"line":128},"10":{"loc":{"start":{"line":131,"column":16},"end":{"line":133,"column":17}},"type":"if","locations":[{"start":{"line":131,"column":16},"end":{"line":133,"column":17}},{"start":{},"end":{}}],"line":131},"11":{"loc":{"start":{"line":144,"column":12},"end":{"line":149,"column":13}},"type":"if","locations":[{"start":{"line":144,"column":12},"end":{"line":149,"column":13}},{"start":{},"end":{}}],"line":144}},"s":{"0":1,"1":1,"2":0,"3":0,"4":0,"5":0,"6":0,"7":0,"8":0,"9":0,"10":0,"11":0,"12":0,"13":0,"14":0,"15":0,"16":0,"17":0,"18":0,"19":0,"20":0,"21":0,"22":0,"23":0,"24":0,"25":0,"26":0,"27":0,"28":0,"29":0,"30":0,"31":0,"32":0,"33":0,"34":0,"35":0,"36":0,"37":0,"38":0,"39":0,"40":0,"41":0,"42":0,"43":0,"44":0,"45":0,"46":0,"47":0,"48":0,"49":0,"50":0,"51":0,"52":1},"f":{"0":0,"1":0,"2":0,"3":0,"4":0},"b":{"0":[0,0],"1":[0,0,0],"2":[0,0],"3":[0,0],"4":[0,0],"5":[0,0],"6":[0,0],"7":[0,0],"8":[0,0],"9":[0,0],"10":[0,0],"11":[0,0]},"_coverageSchema":"1a1c01bbd47fc00a2c39e90264f33305004495a9","hash":"8e283f8de88484dcf9be3949643b685fca93c085"}
,"/Users/afif/School/UGM/MBKM/BINAR ACADEMY/FINAL PROJECT/BE-FINAL_PROJECT-TEAM_12/controllers/flightsController.js": {"path":"/Users/afif/School/UGM/MBKM/BINAR ACADEMY/FINAL PROJECT/BE-FINAL_PROJECT-TEAM_12/controllers/flightsController.js","statementMap":{"0":{"start":{"line":1,"column":29},"end":{"line":1,"column":60}},"1":{"start":{"line":2,"column":39},"end":{"line":2,"column":75}},"2":{"start":{"line":3,"column":26},"end":{"line":3,"column":61}},"3":{"start":{"line":7,"column":8},"end":{"line":62,"column":9}},"4":{"start":{"line":8,"column":32},"end":{"line":8,"column":59}},"5":{"start":{"line":10,"column":12},"end":{"line":12,"column":13}},"6":{"start":{"line":11,"column":16},"end":{"line":11,"column":72}},"7":{"start":{"line":14,"column":205},"end":{"line":14,"column":216}},"8":{"start":{"line":16,"column":61},"end":{"line":19,"column":14}},"9":{"start":{"line":21,"column":45},"end":{"line":21,"column":110}},"10":{"start":{"line":23,"column":31},"end":{"line":23,"column":76}},"11":{"start":{"line":24,"column":32},"end":{"line":24,"column":55}},"12":{"start":{"line":25,"column":36},"end":{"line":25,"column":50}},"13":{"start":{"line":27,"column":12},"end":{"line":43,"column":13}},"14":{"start":{"line":28,"column":16},"end":{"line":42,"column":19}},"15":{"start":{"line":45,"column":12},"end":{"line":59,"column":15}},"16":{"start":{"line":61,"column":12},"end":{"line":61,"column":24}},"17":{"start":{"line":66,"column":8},"end":{"line":137,"column":9}},"18":{"start":{"line":67,"column":32},"end":{"line":67,"column":59}},"19":{"start":{"line":69,"column":12},"end":{"line":71,"column":13}},"20":{"start":{"line":70,"column":16},"end":{"line":70,"column":72}},"21":{"start":{"line":73,"column":217},"end":{"line":73,"column":228}},"22":{"start":{"line":75,"column":97},"end":{"line":80,"column":14}},"23":{"start":{"line":82,"column":71},"end":{"line":85,"column":14}},"24":{"start":{"line":87,"column":41},"end":{"line":87,"column":137}},"25":{"start":{"line":87,"column":83},"end":{"line":87,"column":136}},"26":{"start":{"line":88,"column":39},"end":{"line":88,"column":133}},"27":{"start":{"line":88,"column":79},"end":{"line":88,"column":132}},"28":{"start":{"line":90,"column":39},"end":{"line":90,"column":91}},"29":{"start":{"line":91,"column":37},"end":{"line":91,"column":87}},"30":{"start":{"line":93,"column":31},"end":{"line":93,"column":77}},"31":{"start":{"line":95,"column":32},"end":{"line":95,"column":55}},"32":{"start":{"line":96,"column":36},"end":{"line":96,"column":50}},"33":{"start":{"line":98,"column":12},"end":{"line":115,"column":13}},"34":{"start":{"line":99,"column":16},"end":{"line":114,"column":19}},"35":{"start":{"line":117,"column":33},"end":{"line":120,"column":13}},"36":{"start":{"line":122,"column":12},"end":{"line":134,"column":15}},"37":{"start":{"line":136,"column":12},"end":{"line":136,"column":24}},"38":{"start":{"line":143,"column":0},"end":{"line":143,"column":35}}},"fnMap":{"0":{"name":"(anonymous_0)","decl":{"start":{"line":6,"column":4},"end":{"line":6,"column":5}},"loc":{"start":{"line":6,"column":44},"end":{"line":63,"column":5}},"line":6},"1":{"name":"(anonymous_1)","decl":{"start":{"line":65,"column":4},"end":{"line":65,"column":5}},"loc":{"start":{"line":65,"column":55},"end":{"line":138,"column":5}},"line":65},"2":{"name":"(anonymous_2)","decl":{"start":{"line":87,"column":73},"end":{"line":87,"column":74}},"loc":{"start":{"line":87,"column":83},"end":{"line":87,"column":136}},"line":87},"3":{"name":"(anonymous_3)","decl":{"start":{"line":88,"column":69},"end":{"line":88,"column":70}},"loc":{"start":{"line":88,"column":79},"end":{"line":88,"column":132}},"line":88}},"branchMap":{"0":{"loc":{"start":{"line":10,"column":12},"end":{"line":12,"column":13}},"type":"if","locations":[{"start":{"line":10,"column":12},"end":{"line":12,"column":13}},{"start":{},"end":{}}],"line":10},"1":{"loc":{"start":{"line":10,"column":16},"end":{"line":10,"column":64}},"type":"binary-expr","locations":[{"start":{"line":10,"column":16},"end":{"line":10,"column":34}},{"start":{"line":10,"column":38},"end":{"line":10,"column":64}}],"line":10},"2":{"loc":{"start":{"line":27,"column":12},"end":{"line":43,"column":13}},"type":"if","locations":[{"start":{"line":27,"column":12},"end":{"line":43,"column":13}},{"start":{},"end":{}}],"line":27},"3":{"loc":{"start":{"line":69,"column":12},"end":{"line":71,"column":13}},"type":"if","locations":[{"start":{"line":69,"column":12},"end":{"line":71,"column":13}},{"start":{},"end":{}}],"line":69},"4":{"loc":{"start":{"line":69,"column":16},"end":{"line":69,"column":64}},"type":"binary-expr","locations":[{"start":{"line":69,"column":16},"end":{"line":69,"column":34}},{"start":{"line":69,"column":38},"end":{"line":69,"column":64}}],"line":69},"5":{"loc":{"start":{"line":77,"column":16},"end":{"line":77,"column":237}},"type":"cond-expr","locations":[{"start":{"line":77,"column":29},"end":{"line":77,"column":232}},{"start":{"line":77,"column":235},"end":{"line":77,"column":237}}],"line":77},"6":{"loc":{"start":{"line":79,"column":16},"end":{"line":79,"column":203}},"type":"cond-expr","locations":[{"start":{"line":79,"column":29},"end":{"line":79,"column":199}},{"start":{"line":79,"column":202},"end":{"line":79,"column":203}}],"line":79},"7":{"loc":{"start":{"line":87,"column":83},"end":{"line":87,"column":136}},"type":"binary-expr","locations":[{"start":{"line":87,"column":83},"end":{"line":87,"column":102}},{"start":{"line":87,"column":106},"end":{"line":87,"column":136}}],"line":87},"8":{"loc":{"start":{"line":88,"column":79},"end":{"line":88,"column":132}},"type":"binary-expr","locations":[{"start":{"line":88,"column":79},"end":{"line":88,"column":98}},{"start":{"line":88,"column":102},"end":{"line":88,"column":132}}],"line":88},"9":{"loc":{"start":{"line":98,"column":12},"end":{"line":115,"column":13}},"type":"if","locations":[{"start":{"line":98,"column":12},"end":{"line":115,"column":13}},{"start":{},"end":{}}],"line":98},"10":{"loc":{"start":{"line":98,"column":16},"end":{"line":98,"column":74}},"type":"binary-expr","locations":[{"start":{"line":98,"column":16},"end":{"line":98,"column":44}},{"start":{"line":98,"column":48},"end":{"line":98,"column":74}}],"line":98},"11":{"loc":{"start":{"line":118,"column":34},"end":{"line":118,"column":75}},"type":"cond-expr","locations":[{"start":{"line":118,"column":50},"end":{"line":118,"column":70}},{"start":{"line":118,"column":73},"end":{"line":118,"column":75}}],"line":118},"12":{"loc":{"start":{"line":119,"column":32},"end":{"line":119,"column":68}},"type":"cond-expr","locations":[{"start":{"line":119,"column":45},"end":{"line":119,"column":63}},{"start":{"line":119,"column":66},"end":{"line":119,"column":68}}],"line":119}},"s":{"0":1,"1":1,"2":1,"3":0,"4":0,"5":0,"6":0,"7":0,"8":0,"9":0,"10":0,"11":0,"12":0,"13":0,"14":0,"15":0,"16":0,"17":0,"18":0,"19":0,"20":0,"21":0,"22":0,"23":0,"24":0,"25":0,"26":0,"27":0,"28":0,"29":0,"30":0,"31":0,"32":0,"33":0,"34":0,"35":0,"36":0,"37":0,"38":1},"f":{"0":0,"1":0,"2":0,"3":0},"b":{"0":[0,0],"1":[0,0],"2":[0,0],"3":[0,0],"4":[0,0],"5":[0,0],"6":[0,0],"7":[0,0],"8":[0,0],"9":[0,0],"10":[0,0],"11":[0,0],"12":[0,0]},"_coverageSchema":"1a1c01bbd47fc00a2c39e90264f33305004495a9","hash":"82db00ed6b98ddb373eb2248ec09a4a46f4cdffa"}
,"/Users/afif/School/UGM/MBKM/BINAR ACADEMY/FINAL PROJECT/BE-FINAL_PROJECT-TEAM_12/controllers/forgotPasswordController.js": {"path":"/Users/afif/School/UGM/MBKM/BINAR ACADEMY/FINAL PROJECT/BE-FINAL_PROJECT-TEAM_12/controllers/forgotPasswordController.js","statementMap":{"0":{"start":{"line":1,"column":30},"end":{"line":1,"column":74}},"1":{"start":{"line":5,"column":22},"end":{"line":5,"column":30}},"2":{"start":{"line":7,"column":4},"end":{"line":12,"column":5}},"3":{"start":{"line":8,"column":6},"end":{"line":11,"column":9}},"4":{"start":{"line":14,"column":4},"end":{"line":19,"column":5}},"5":{"start":{"line":15,"column":23},"end":{"line":15,"column":65}},"6":{"start":{"line":16,"column":6},"end":{"line":16,"column":44}},"7":{"start":{"line":18,"column":6},"end":{"line":18,"column":18}},"8":{"start":{"line":23,"column":27},"end":{"line":23,"column":35}},"9":{"start":{"line":25,"column":4},"end":{"line":30,"column":5}},"10":{"start":{"line":26,"column":6},"end":{"line":29,"column":9}},"11":{"start":{"line":32,"column":4},"end":{"line":41,"column":5}},"12":{"start":{"line":33,"column":23},"end":{"line":33,"column":72}},"13":{"start":{"line":34,"column":6},"end":{"line":38,"column":9}},"14":{"start":{"line":40,"column":6},"end":{"line":40,"column":18}},"15":{"start":{"line":45,"column":64},"end":{"line":45,"column":72}},"16":{"start":{"line":47,"column":4},"end":{"line":52,"column":5}},"17":{"start":{"line":48,"column":6},"end":{"line":51,"column":9}},"18":{"start":{"line":54,"column":4},"end":{"line":59,"column":5}},"19":{"start":{"line":55,"column":6},"end":{"line":58,"column":9}},"20":{"start":{"line":61,"column":4},"end":{"line":66,"column":5}},"21":{"start":{"line":62,"column":23},"end":{"line":62,"column":96}},"22":{"start":{"line":63,"column":6},"end":{"line":63,"column":44}},"23":{"start":{"line":65,"column":6},"end":{"line":65,"column":18}},"24":{"start":{"line":70,"column":0},"end":{"line":70,"column":42}}},"fnMap":{"0":{"name":"(anonymous_0)","decl":{"start":{"line":4,"column":2},"end":{"line":4,"column":3}},"loc":{"start":{"line":4,"column":46},"end":{"line":20,"column":3}},"line":4},"1":{"name":"(anonymous_1)","decl":{"start":{"line":22,"column":2},"end":{"line":22,"column":3}},"loc":{"start":{"line":22,"column":42},"end":{"line":42,"column":3}},"line":22},"2":{"name":"(anonymous_2)","decl":{"start":{"line":44,"column":2},"end":{"line":44,"column":3}},"loc":{"start":{"line":44,"column":45},"end":{"line":67,"column":3}},"line":44}},"branchMap":{"0":{"loc":{"start":{"line":7,"column":4},"end":{"line":12,"column":5}},"type":"if","locations":[{"start":{"line":7,"column":4},"end":{"line":12,"column":5}},{"start":{},"end":{}}],"line":7},"1":{"loc":{"start":{"line":25,"column":4},"end":{"line":30,"column":5}},"type":"if","locations":[{"start":{"line":25,"column":4},"end":{"line":30,"column":5}},{"start":{},"end":{}}],"line":25},"2":{"loc":{"start":{"line":25,"column":8},"end":{"line":25,"column":22}},"type":"binary-expr","locations":[{"start":{"line":25,"column":8},"end":{"line":25,"column":14}},{"start":{"line":25,"column":18},"end":{"line":25,"column":22}}],"line":25},"3":{"loc":{"start":{"line":47,"column":4},"end":{"line":52,"column":5}},"type":"if","locations":[{"start":{"line":47,"column":4},"end":{"line":52,"column":5}},{"start":{},"end":{}}],"line":47},"4":{"loc":{"start":{"line":47,"column":8},"end":{"line":47,"column":65}},"type":"binary-expr","locations":[{"start":{"line":47,"column":8},"end":{"line":47,"column":14}},{"start":{"line":47,"column":18},"end":{"line":47,"column":30}},{"start":{"line":47,"column":34},"end":{"line":47,"column":50}},{"start":{"line":47,"column":54},"end":{"line":47,"column":65}}],"line":47},"5":{"loc":{"start":{"line":54,"column":4},"end":{"line":59,"column":5}},"type":"if","locations":[{"start":{"line":54,"column":4},"end":{"line":59,"column":5}},{"start":{},"end":{}}],"line":54}},"s":{"0":1,"1":0,"2":0,"3":0,"4":0,"5":0,"6":0,"7":0,"8":0,"9":0,"10":0,"11":0,"12":0,"13":0,"14":0,"15":0,"16":0,"17":0,"18":0,"19":0,"20":0,"21":0,"22":0,"23":0,"24":1},"f":{"0":0,"1":0,"2":0},"b":{"0":[0,0],"1":[0,0],"2":[0,0],"3":[0,0],"4":[0,0,0,0],"5":[0,0]},"_coverageSchema":"1a1c01bbd47fc00a2c39e90264f33305004495a9","hash":"9c164f5412b073f67ca837bb0ac6eead72049f7b"}
,"/Users/afif/School/UGM/MBKM/BINAR ACADEMY/FINAL PROJECT/BE-FINAL_PROJECT-TEAM_12/controllers/googleAuthController.js": {"path":"/Users/afif/School/UGM/MBKM/BINAR ACADEMY/FINAL PROJECT/BE-FINAL_PROJECT-TEAM_12/controllers/googleAuthController.js","statementMap":{"0":{"start":{"line":1,"column":26},"end":{"line":1,"column":66}},"1":{"start":{"line":5,"column":4},"end":{"line":10,"column":5}},"2":{"start":{"line":6,"column":18},"end":{"line":6,"column":53}},"3":{"start":{"line":7,"column":6},"end":{"line":7,"column":24}},"4":{"start":{"line":9,"column":6},"end":{"line":9,"column":18}},"5":{"start":{"line":14,"column":21},"end":{"line":14,"column":30}},"6":{"start":{"line":16,"column":4},"end":{"line":21,"column":5}},"7":{"start":{"line":17,"column":6},"end":{"line":20,"column":9}},"8":{"start":{"line":23,"column":4},"end":{"line":42,"column":5}},"9":{"start":{"line":24,"column":27},"end":{"line":24,"column":77}},"10":{"start":{"line":25,"column":23},"end":{"line":25,"column":78}},"11":{"start":{"line":27,"column":6},"end":{"line":33,"column":7}},"12":{"start":{"line":28,"column":8},"end":{"line":32,"column":11}},"13":{"start":{"line":35,"column":6},"end":{"line":39,"column":9}},"14":{"start":{"line":41,"column":6},"end":{"line":41,"column":18}},"15":{"start":{"line":46,"column":44},"end":{"line":46,"column":52}},"16":{"start":{"line":48,"column":4},"end":{"line":53,"column":5}},"17":{"start":{"line":49,"column":6},"end":{"line":52,"column":9}},"18":{"start":{"line":55,"column":4},"end":{"line":65,"column":5}},"19":{"start":{"line":56,"column":26},"end":{"line":56,"column":90}},"20":{"start":{"line":58,"column":6},"end":{"line":62,"column":9}},"21":{"start":{"line":64,"column":6},"end":{"line":64,"column":18}},"22":{"start":{"line":69,"column":0},"end":{"line":69,"column":38}}},"fnMap":{"0":{"name":"(anonymous_0)","decl":{"start":{"line":4,"column":2},"end":{"line":4,"column":3}},"loc":{"start":{"line":4,"column":37},"end":{"line":11,"column":3}},"line":4},"1":{"name":"(anonymous_1)","decl":{"start":{"line":13,"column":2},"end":{"line":13,"column":3}},"loc":{"start":{"line":13,"column":46},"end":{"line":43,"column":3}},"line":13},"2":{"name":"(anonymous_2)","decl":{"start":{"line":45,"column":2},"end":{"line":45,"column":3}},"loc":{"start":{"line":45,"column":46},"end":{"line":66,"column":3}},"line":45}},"branchMap":{"0":{"loc":{"start":{"line":16,"column":4},"end":{"line":21,"column":5}},"type":"if","locations":[{"start":{"line":16,"column":4},"end":{"line":21,"column":5}},{"start":{},"end":{}}],"line":16},"1":{"loc":{"start":{"line":27,"column":6},"end":{"line":33,"column":7}},"type":"if","locations":[{"start":{"line":27,"column":6},"end":{"line":33,"column":7}},{"start":{},"end":{}}],"line":27},"2":{"loc":{"start":{"line":48,"column":4},"end":{"line":53,"column":5}},"type":"if","locations":[{"start":{"line":48,"column":4},"end":{"line":53,"column":5}},{"start":{},"end":{}}],"line":48},"3":{"loc":{"start":{"line":48,"column":8},"end":{"line":48,"column":42}},"type":"binary-expr","locations":[{"start":{"line":48,"column":8},"end":{"line":48,"column":14}},{"start":{"line":48,"column":18},"end":{"line":48,"column":27}},{"start":{"line":48,"column":31},"end":{"line":48,"column":42}}],"line":48}},"s":{"0":1,"1":0,"2":0,"3":0,"4":0,"5":0,"6":0,"7":0,"8":0,"9":0,"10":0,"11":0,"12":0,"13":0,"14":0,"15":0,"16":0,"17":0,"18":0,"19":0,"20":0,"21":0,"22":1},"f":{"0":0,"1":0,"2":0},"b":{"0":[0,0],"1":[0,0],"2":[0,0],"3":[0,0,0]},"_coverageSchema":"1a1c01bbd47fc00a2c39e90264f33305004495a9","hash":"1f62d7dd5293e9f885473db83400fd524417831d"}
,"/Users/afif/School/UGM/MBKM/BINAR ACADEMY/FINAL PROJECT/BE-FINAL_PROJECT-TEAM_12/controllers/notificationController.js": {"path":"/Users/afif/School/UGM/MBKM/BINAR ACADEMY/FINAL PROJECT/BE-FINAL_PROJECT-TEAM_12/controllers/notificationController.js","statementMap":{"0":{"start":{"line":1,"column":15},"end":{"line":1,"column":41}},"1":{"start":{"line":2,"column":28},"end":{"line":2,"column":70}},"2":{"start":{"line":6,"column":44},"end":{"line":6,"column":52}},"3":{"start":{"line":8,"column":4},"end":{"line":32,"column":5}},"4":{"start":{"line":9,"column":6},"end":{"line":14,"column":7}},"5":{"start":{"line":10,"column":8},"end":{"line":13,"column":11}},"6":{"start":{"line":16,"column":32},"end":{"line":16,"column":73}},"7":{"start":{"line":18,"column":27},"end":{"line":23,"column":8}},"8":{"start":{"line":25,"column":6},"end":{"line":29,"column":9}},"9":{"start":{"line":31,"column":6},"end":{"line":31,"column":18}},"10":{"start":{"line":36,"column":4},"end":{"line":51,"column":5}},"11":{"start":{"line":37,"column":28},"end":{"line":37,"column":75}},"12":{"start":{"line":38,"column":6},"end":{"line":43,"column":7}},"13":{"start":{"line":39,"column":8},"end":{"line":42,"column":11}},"14":{"start":{"line":45,"column":6},"end":{"line":48,"column":9}},"15":{"start":{"line":50,"column":6},"end":{"line":50,"column":18}},"16":{"start":{"line":55,"column":32},"end":{"line":55,"column":42}},"17":{"start":{"line":56,"column":4},"end":{"line":71,"column":5}},"18":{"start":{"line":57,"column":27},"end":{"line":57,"column":89}},"19":{"start":{"line":58,"column":6},"end":{"line":63,"column":7}},"20":{"start":{"line":59,"column":8},"end":{"line":62,"column":11}},"21":{"start":{"line":65,"column":6},"end":{"line":68,"column":9}},"22":{"start":{"line":70,"column":6},"end":{"line":70,"column":18}},"23":{"start":{"line":75,"column":32},"end":{"line":75,"column":42}},"24":{"start":{"line":76,"column":4},"end":{"line":92,"column":5}},"25":{"start":{"line":77,"column":27},"end":{"line":77,"column":89}},"26":{"start":{"line":78,"column":6},"end":{"line":83,"column":7}},"27":{"start":{"line":79,"column":8},"end":{"line":82,"column":11}},"28":{"start":{"line":85,"column":6},"end":{"line":85,"column":68}},"29":{"start":{"line":86,"column":6},"end":{"line":89,"column":9}},"30":{"start":{"line":91,"column":6},"end":{"line":91,"column":18}},"31":{"start":{"line":96,"column":32},"end":{"line":96,"column":42}},"32":{"start":{"line":97,"column":4},"end":{"line":114,"column":5}},"33":{"start":{"line":98,"column":27},"end":{"line":98,"column":89}},"34":{"start":{"line":99,"column":6},"end":{"line":104,"column":7}},"35":{"start":{"line":100,"column":8},"end":{"line":103,"column":11}},"36":{"start":{"line":106,"column":34},"end":{"line":106,"column":99}},"37":{"start":{"line":107,"column":6},"end":{"line":111,"column":9}},"38":{"start":{"line":113,"column":6},"end":{"line":113,"column":18}},"39":{"start":{"line":118,"column":24},"end":{"line":118,"column":34}},"40":{"start":{"line":119,"column":4},"end":{"line":134,"column":5}},"41":{"start":{"line":120,"column":28},"end":{"line":120,"column":86}},"42":{"start":{"line":121,"column":6},"end":{"line":126,"column":7}},"43":{"start":{"line":122,"column":8},"end":{"line":125,"column":11}},"44":{"start":{"line":128,"column":6},"end":{"line":131,"column":9}},"45":{"start":{"line":133,"column":6},"end":{"line":133,"column":18}},"46":{"start":{"line":138,"column":0},"end":{"line":138,"column":40}}},"fnMap":{"0":{"name":"(anonymous_0)","decl":{"start":{"line":5,"column":2},"end":{"line":5,"column":3}},"loc":{"start":{"line":5,"column":50},"end":{"line":33,"column":3}},"line":5},"1":{"name":"(anonymous_1)","decl":{"start":{"line":35,"column":2},"end":{"line":35,"column":3}},"loc":{"start":{"line":35,"column":51},"end":{"line":52,"column":3}},"line":35},"2":{"name":"(anonymous_2)","decl":{"start":{"line":54,"column":2},"end":{"line":54,"column":3}},"loc":{"start":{"line":54,"column":51},"end":{"line":72,"column":3}},"line":54},"3":{"name":"(anonymous_3)","decl":{"start":{"line":74,"column":2},"end":{"line":74,"column":3}},"loc":{"start":{"line":74,"column":50},"end":{"line":93,"column":3}},"line":74},"4":{"name":"(anonymous_4)","decl":{"start":{"line":95,"column":2},"end":{"line":95,"column":3}},"loc":{"start":{"line":95,"column":54},"end":{"line":115,"column":3}},"line":95},"5":{"name":"(anonymous_5)","decl":{"start":{"line":117,"column":2},"end":{"line":117,"column":3}},"loc":{"start":{"line":117,"column":55},"end":{"line":135,"column":3}},"line":117}},"branchMap":{"0":{"loc":{"start":{"line":9,"column":6},"end":{"line":14,"column":7}},"type":"if","locations":[{"start":{"line":9,"column":6},"end":{"line":14,"column":7}},{"start":{},"end":{}}],"line":9},"1":{"loc":{"start":{"line":9,"column":10},"end":{"line":9,"column":44}},"type":"binary-expr","locations":[{"start":{"line":9,"column":10},"end":{"line":9,"column":16}},{"start":{"line":9,"column":20},"end":{"line":9,"column":32}},{"start":{"line":9,"column":36},"end":{"line":9,"column":44}}],"line":9},"2":{"loc":{"start":{"line":38,"column":6},"end":{"line":43,"column":7}},"type":"if","locations":[{"start":{"line":38,"column":6},"end":{"line":43,"column":7}},{"start":{},"end":{}}],"line":38},"3":{"loc":{"start":{"line":58,"column":6},"end":{"line":63,"column":7}},"type":"if","locations":[{"start":{"line":58,"column":6},"end":{"line":63,"column":7}},{"start":{},"end":{}}],"line":58},"4":{"loc":{"start":{"line":78,"column":6},"end":{"line":83,"column":7}},"type":"if","locations":[{"start":{"line":78,"column":6},"end":{"line":83,"column":7}},{"start":{},"end":{}}],"line":78},"5":{"loc":{"start":{"line":99,"column":6},"end":{"line":104,"column":7}},"type":"if","locations":[{"start":{"line":99,"column":6},"end":{"line":104,"column":7}},{"start":{},"end":{}}],"line":99},"6":{"loc":{"start":{"line":121,"column":6},"end":{"line":126,"column":7}},"type":"if","locations":[{"start":{"line":121,"column":6},"end":{"line":126,"column":7}},{"start":{},"end":{}}],"line":121}},"s":{"0":1,"1":1,"2":0,"3":0,"4":0,"5":0,"6":0,"7":0,"8":0,"9":0,"10":0,"11":0,"12":0,"13":0,"14":0,"15":0,"16":0,"17":0,"18":0,"19":0,"20":0,"21":0,"22":0,"23":0,"24":0,"25":0,"26":0,"27":0,"28":0,"29":0,"30":0,"31":0,"32":0,"33":0,"34":0,"35":0,"36":0,"37":0,"38":0,"39":0,"40":0,"41":0,"42":0,"43":0,"44":0,"45":0,"46":1},"f":{"0":0,"1":0,"2":0,"3":0,"4":0,"5":0},"b":{"0":[0,0],"1":[0,0,0],"2":[0,0],"3":[0,0],"4":[0,0],"5":[0,0],"6":[0,0]},"_coverageSchema":"1a1c01bbd47fc00a2c39e90264f33305004495a9","hash":"e8eb9725c99e649e2ae49946d5d341eb8f5d5b52"}
,"/Users/afif/School/UGM/MBKM/BINAR ACADEMY/FINAL PROJECT/BE-FINAL_PROJECT-TEAM_12/controllers/paymentController.js": {"path":"/Users/afif/School/UGM/MBKM/BINAR ACADEMY/FINAL PROJECT/BE-FINAL_PROJECT-TEAM_12/controllers/paymentController.js","statementMap":{"0":{"start":{"line":1,"column":23},"end":{"line":1,"column":60}},"1":{"start":{"line":5,"column":8},"end":{"line":61,"column":9}},"2":{"start":{"line":6,"column":73},"end":{"line":6,"column":81}},"3":{"start":{"line":7,"column":12},"end":{"line":12,"column":13}},"4":{"start":{"line":8,"column":16},"end":{"line":11,"column":19}},"5":{"start":{"line":13,"column":12},"end":{"line":18,"column":13}},"6":{"start":{"line":14,"column":16},"end":{"line":17,"column":19}},"7":{"start":{"line":20,"column":29},"end":{"line":25,"column":13}},"8":{"start":{"line":27,"column":12},"end":{"line":31,"column":15}},"9":{"start":{"line":34,"column":12},"end":{"line":34,"column":60}},"10":{"start":{"line":36,"column":12},"end":{"line":41,"column":13}},"11":{"start":{"line":37,"column":16},"end":{"line":40,"column":19}},"12":{"start":{"line":43,"column":12},"end":{"line":48,"column":13}},"13":{"start":{"line":44,"column":16},"end":{"line":47,"column":19}},"14":{"start":{"line":50,"column":12},"end":{"line":55,"column":13}},"15":{"start":{"line":51,"column":16},"end":{"line":54,"column":19}},"16":{"start":{"line":57,"column":12},"end":{"line":60,"column":15}},"17":{"start":{"line":65,"column":8},"end":{"line":103,"column":9}},"18":{"start":{"line":66,"column":32},"end":{"line":66,"column":42}},"19":{"start":{"line":68,"column":12},"end":{"line":73,"column":13}},"20":{"start":{"line":69,"column":16},"end":{"line":72,"column":19}},"21":{"start":{"line":75,"column":29},"end":{"line":75,"column":72}},"22":{"start":{"line":77,"column":12},"end":{"line":81,"column":15}},"23":{"start":{"line":83,"column":12},"end":{"line":83,"column":64}},"24":{"start":{"line":85,"column":12},"end":{"line":90,"column":13}},"25":{"start":{"line":86,"column":16},"end":{"line":89,"column":19}},"26":{"start":{"line":92,"column":12},"end":{"line":97,"column":13}},"27":{"start":{"line":93,"column":16},"end":{"line":96,"column":19}},"28":{"start":{"line":99,"column":12},"end":{"line":102,"column":15}},"29":{"start":{"line":107,"column":8},"end":{"line":138,"column":9}},"30":{"start":{"line":108,"column":32},"end":{"line":108,"column":42}},"31":{"start":{"line":110,"column":12},"end":{"line":115,"column":13}},"32":{"start":{"line":111,"column":16},"end":{"line":114,"column":19}},"33":{"start":{"line":117,"column":28},"end":{"line":117,"column":74}},"34":{"start":{"line":119,"column":12},"end":{"line":123,"column":15}},"35":{"start":{"line":125,"column":12},"end":{"line":125,"column":68}},"36":{"start":{"line":127,"column":12},"end":{"line":132,"column":13}},"37":{"start":{"line":128,"column":16},"end":{"line":131,"column":19}},"38":{"start":{"line":134,"column":12},"end":{"line":137,"column":15}},"39":{"start":{"line":142,"column":0},"end":{"line":142,"column":35}}},"fnMap":{"0":{"name":"(anonymous_0)","decl":{"start":{"line":4,"column":4},"end":{"line":4,"column":5}},"loc":{"start":{"line":4,"column":51},"end":{"line":62,"column":5}},"line":4},"1":{"name":"(anonymous_1)","decl":{"start":{"line":64,"column":4},"end":{"line":64,"column":5}},"loc":{"start":{"line":64,"column":51},"end":{"line":104,"column":5}},"line":64},"2":{"name":"(anonymous_2)","decl":{"start":{"line":106,"column":4},"end":{"line":106,"column":5}},"loc":{"start":{"line":106,"column":44},"end":{"line":139,"column":5}},"line":106}},"branchMap":{"0":{"loc":{"start":{"line":7,"column":12},"end":{"line":12,"column":13}},"type":"if","locations":[{"start":{"line":7,"column":12},"end":{"line":12,"column":13}},{"start":{},"end":{}}],"line":7},"1":{"loc":{"start":{"line":7,"column":16},"end":{"line":7,"column":74}},"type":"binary-expr","locations":[{"start":{"line":7,"column":16},"end":{"line":7,"column":24}},{"start":{"line":7,"column":28},"end":{"line":7,"column":35}},{"start":{"line":7,"column":39},"end":{"line":7,"column":55}},{"start":{"line":7,"column":59},"end":{"line":7,"column":74}}],"line":7},"2":{"loc":{"start":{"line":13,"column":12},"end":{"line":18,"column":13}},"type":"if","locations":[{"start":{"line":13,"column":12},"end":{"line":18,"column":13}},{"start":{},"end":{}}],"line":13},"3":{"loc":{"start":{"line":13,"column":16},"end":{"line":13,"column":72}},"type":"binary-expr","locations":[{"start":{"line":13,"column":16},"end":{"line":13,"column":38}},{"start":{"line":13,"column":42},"end":{"line":13,"column":72}}],"line":13},"4":{"loc":{"start":{"line":36,"column":12},"end":{"line":41,"column":13}},"type":"if","locations":[{"start":{"line":36,"column":12},"end":{"line":41,"column":13}},{"start":{},"end":{}}],"line":36},"5":{"loc":{"start":{"line":43,"column":12},"end":{"line":48,"column":13}},"type":"if","locations":[{"start":{"line":43,"column":12},"end":{"line":48,"column":13}},{"start":{},"end":{}}],"line":43},"6":{"loc":{"start":{"line":50,"column":12},"end":{"line":55,"column":13}},"type":"if","locations":[{"start":{"line":50,"column":12},"end":{"line":55,"column":13}},{"start":{},"end":{}}],"line":50},"7":{"loc":{"start":{"line":68,"column":12},"end":{"line":73,"column":13}},"type":"if","locations":[{"start":{"line":68,"column":12},"end":{"line":73,"column":13}},{"start":{},"end":{}}],"line":68},"8":{"loc":{"start":{"line":85,"column":12},"end":{"line":90,"column":13}},"type":"if","locations":[{"start":{"line":85,"column":12},"end":{"line":90,"column":13}},{"start":{},"end":{}}],"line":85},"9":{"loc":{"start":{"line":92,"column":12},"end":{"line":97,"column":13}},"type":"if","locations":[{"start":{"line":92,"column":12},"end":{"line":97,"column":13}},{"start":{},"end":{}}],"line":92},"10":{"loc":{"start":{"line":110,"column":12},"end":{"line":115,"column":13}},"type":"if","locations":[{"start":{"line":110,"column":12},"end":{"line":115,"column":13}},{"start":{},"end":{}}],"line":110},"11":{"loc":{"start":{"line":127,"column":12},"end":{"line":132,"column":13}},"type":"if","locations":[{"start":{"line":127,"column":12},"end":{"line":132,"column":13}},{"start":{},"end":{}}],"line":127}},"s":{"0":1,"1":0,"2":0,"3":0,"4":0,"5":0,"6":0,"7":0,"8":0,"9":0,"10":0,"11":0,"12":0,"13":0,"14":0,"15":0,"16":0,"17":0,"18":0,"19":0,"20":0,"21":0,"22":0,"23":0,"24":0,"25":0,"26":0,"27":0,"28":0,"29":0,"30":0,"31":0,"32":0,"33":0,"34":0,"35":0,"36":0,"37":0,"38":0,"39":1},"f":{"0":0,"1":0,"2":0},"b":{"0":[0,0],"1":[0,0,0,0],"2":[0,0],"3":[0,0],"4":[0,0],"5":[0,0],"6":[0,0],"7":[0,0],"8":[0,0],"9":[0,0],"10":[0,0],"11":[0,0]},"_coverageSchema":"1a1c01bbd47fc00a2c39e90264f33305004495a9","hash":"30b071c88cea22e199831ed6e3289652b180d381"}
,"/Users/afif/School/UGM/MBKM/BINAR ACADEMY/FINAL PROJECT/BE-FINAL_PROJECT-TEAM_12/controllers/ticketsController.js": {"path":"/Users/afif/School/UGM/MBKM/BINAR ACADEMY/FINAL PROJECT/BE-FINAL_PROJECT-TEAM_12/controllers/ticketsController.js","statementMap":{"0":{"start":{"line":1,"column":23},"end":{"line":1,"column":60}},"1":{"start":{"line":2,"column":15},"end":{"line":2,"column":32}},"2":{"start":{"line":4,"column":26},"end":{"line":157,"column":1}},"3":{"start":{"line":6,"column":8},"end":{"line":75,"column":9}},"4":{"start":{"line":7,"column":39},"end":{"line":7,"column":47}},"5":{"start":{"line":9,"column":12},"end":{"line":14,"column":13}},"6":{"start":{"line":10,"column":16},"end":{"line":13,"column":19}},"7":{"start":{"line":16,"column":28},"end":{"line":16,"column":78}},"8":{"start":{"line":19,"column":36},"end":{"line":48,"column":15}},"9":{"start":{"line":20,"column":35},"end":{"line":30,"column":17}},"10":{"start":{"line":32,"column":31},"end":{"line":32,"column":81}},"11":{"start":{"line":34,"column":16},"end":{"line":47,"column":18}},"12":{"start":{"line":50,"column":12},"end":{"line":54,"column":15}},"13":{"start":{"line":56,"column":12},"end":{"line":56,"column":58}},"14":{"start":{"line":58,"column":34},"end":{"line":62,"column":13}},"15":{"start":{"line":64,"column":12},"end":{"line":69,"column":13}},"16":{"start":{"line":65,"column":16},"end":{"line":68,"column":19}},"17":{"start":{"line":71,"column":12},"end":{"line":74,"column":15}},"18":{"start":{"line":79,"column":8},"end":{"line":116,"column":9}},"19":{"start":{"line":80,"column":34},"end":{"line":80,"column":44}},"20":{"start":{"line":81,"column":31},"end":{"line":81,"column":39}},"21":{"start":{"line":83,"column":12},"end":{"line":88,"column":13}},"22":{"start":{"line":84,"column":16},"end":{"line":87,"column":19}},"23":{"start":{"line":90,"column":34},"end":{"line":90,"column":90}},"24":{"start":{"line":92,"column":12},"end":{"line":96,"column":15}},"25":{"start":{"line":98,"column":12},"end":{"line":98,"column":57}},"26":{"start":{"line":100,"column":34},"end":{"line":103,"column":13}},"27":{"start":{"line":105,"column":12},"end":{"line":110,"column":13}},"28":{"start":{"line":106,"column":16},"end":{"line":109,"column":19}},"29":{"start":{"line":112,"column":12},"end":{"line":115,"column":15}},"30":{"start":{"line":120,"column":8},"end":{"line":155,"column":9}},"31":{"start":{"line":121,"column":34},"end":{"line":121,"column":44}},"32":{"start":{"line":123,"column":12},"end":{"line":128,"column":13}},"33":{"start":{"line":124,"column":16},"end":{"line":127,"column":19}},"34":{"start":{"line":130,"column":12},"end":{"line":130,"column":57}},"35":{"start":{"line":132,"column":12},"end":{"line":135,"column":15}},"36":{"start":{"line":137,"column":12},"end":{"line":137,"column":57}},"37":{"start":{"line":139,"column":34},"end":{"line":142,"column":13}},"38":{"start":{"line":144,"column":12},"end":{"line":149,"column":13}},"39":{"start":{"line":145,"column":16},"end":{"line":148,"column":19}},"40":{"start":{"line":151,"column":12},"end":{"line":154,"column":15}},"41":{"start":{"line":159,"column":0},"end":{"line":159,"column":35}}},"fnMap":{"0":{"name":"(anonymous_0)","decl":{"start":{"line":5,"column":19},"end":{"line":5,"column":20}},"loc":{"start":{"line":5,"column":39},"end":{"line":76,"column":5}},"line":5},"1":{"name":"(anonymous_1)","decl":{"start":{"line":19,"column":66},"end":{"line":19,"column":67}},"loc":{"start":{"line":19,"column":84},"end":{"line":48,"column":13}},"line":19},"2":{"name":"(anonymous_2)","decl":{"start":{"line":78,"column":18},"end":{"line":78,"column":19}},"loc":{"start":{"line":78,"column":38},"end":{"line":117,"column":5}},"line":78},"3":{"name":"(anonymous_3)","decl":{"start":{"line":119,"column":18},"end":{"line":119,"column":19}},"loc":{"start":{"line":119,"column":38},"end":{"line":156,"column":5}},"line":119}},"branchMap":{"0":{"loc":{"start":{"line":9,"column":12},"end":{"line":14,"column":13}},"type":"if","locations":[{"start":{"line":9,"column":12},"end":{"line":14,"column":13}},{"start":{},"end":{}}],"line":9},"1":{"loc":{"start":{"line":64,"column":12},"end":{"line":69,"column":13}},"type":"if","locations":[{"start":{"line":64,"column":12},"end":{"line":69,"column":13}},{"start":{},"end":{}}],"line":64},"2":{"loc":{"start":{"line":83,"column":12},"end":{"line":88,"column":13}},"type":"if","locations":[{"start":{"line":83,"column":12},"end":{"line":88,"column":13}},{"start":{},"end":{}}],"line":83},"3":{"loc":{"start":{"line":105,"column":12},"end":{"line":110,"column":13}},"type":"if","locations":[{"start":{"line":105,"column":12},"end":{"line":110,"column":13}},{"start":{},"end":{}}],"line":105},"4":{"loc":{"start":{"line":123,"column":12},"end":{"line":128,"column":13}},"type":"if","locations":[{"start":{"line":123,"column":12},"end":{"line":128,"column":13}},{"start":{},"end":{}}],"line":123},"5":{"loc":{"start":{"line":144,"column":12},"end":{"line":149,"column":13}},"type":"if","locations":[{"start":{"line":144,"column":12},"end":{"line":149,"column":13}},{"start":{},"end":{}}],"line":144}},"s":{"0":1,"1":1,"2":1,"3":2,"4":2,"5":2,"6":0,"7":2,"8":1,"9":1,"10":1,"11":1,"12":1,"13":1,"14":1,"15":1,"16":0,"17":1,"18":2,"19":2,"20":2,"21":2,"22":0,"23":2,"24":1,"25":1,"26":1,"27":1,"28":0,"29":1,"30":2,"31":2,"32":2,"33":0,"34":2,"35":1,"36":1,"37":1,"38":1,"39":0,"40":1,"41":1},"f":{"0":2,"1":1,"2":2,"3":2},"b":{"0":[0,2],"1":[0,1],"2":[0,2],"3":[0,1],"4":[0,2],"5":[0,1]},"_coverageSchema":"1a1c01bbd47fc00a2c39e90264f33305004495a9","hash":"d18d04cf204474df7da6b8da5fd757b55a9985f1"}
,"/Users/afif/School/UGM/MBKM/BINAR ACADEMY/FINAL PROJECT/BE-FINAL_PROJECT-TEAM_12/controllers/transactionsController.js": {"path":"/Users/afif/School/UGM/MBKM/BINAR ACADEMY/FINAL PROJECT/BE-FINAL_PROJECT-TEAM_12/controllers/transactionsController.js","statementMap":{"0":{"start":{"line":1,"column":28},"end":{"line":1,"column":70}},"1":{"start":{"line":3,"column":31},"end":{"line":194,"column":1}},"2":{"start":{"line":5,"column":8},"end":{"line":29,"column":9}},"3":{"start":{"line":6,"column":32},"end":{"line":6,"column":42}},"4":{"start":{"line":8,"column":33},"end":{"line":8,"column":101}},"5":{"start":{"line":10,"column":12},"end":{"line":14,"column":15}},"6":{"start":{"line":16,"column":12},"end":{"line":16,"column":71}},"7":{"start":{"line":18,"column":12},"end":{"line":23,"column":13}},"8":{"start":{"line":19,"column":16},"end":{"line":22,"column":19}},"9":{"start":{"line":25,"column":12},"end":{"line":28,"column":15}},"10":{"start":{"line":33,"column":8},"end":{"line":133,"column":9}},"11":{"start":{"line":42,"column":16},"end":{"line":42,"column":24}},"12":{"start":{"line":44,"column":12},"end":{"line":49,"column":13}},"13":{"start":{"line":45,"column":16},"end":{"line":48,"column":19}},"14":{"start":{"line":53,"column":12},"end":{"line":69,"column":13}},"15":{"start":{"line":54,"column":16},"end":{"line":59,"column":18}},"16":{"start":{"line":61,"column":16},"end":{"line":68,"column":18}},"17":{"start":{"line":71,"column":12},"end":{"line":75,"column":15}},"18":{"start":{"line":78,"column":12},"end":{"line":78,"column":62}},"19":{"start":{"line":80,"column":12},"end":{"line":85,"column":13}},"20":{"start":{"line":81,"column":16},"end":{"line":84,"column":19}},"21":{"start":{"line":87,"column":12},"end":{"line":92,"column":13}},"22":{"start":{"line":88,"column":16},"end":{"line":91,"column":19}},"23":{"start":{"line":94,"column":12},"end":{"line":99,"column":13}},"24":{"start":{"line":95,"column":16},"end":{"line":98,"column":19}},"25":{"start":{"line":101,"column":12},"end":{"line":106,"column":13}},"26":{"start":{"line":102,"column":16},"end":{"line":105,"column":19}},"27":{"start":{"line":108,"column":12},"end":{"line":113,"column":13}},"28":{"start":{"line":109,"column":16},"end":{"line":112,"column":19}},"29":{"start":{"line":115,"column":12},"end":{"line":120,"column":13}},"30":{"start":{"line":116,"column":16},"end":{"line":119,"column":19}},"31":{"start":{"line":122,"column":12},"end":{"line":127,"column":13}},"32":{"start":{"line":123,"column":16},"end":{"line":126,"column":19}},"33":{"start":{"line":129,"column":12},"end":{"line":132,"column":15}},"34":{"start":{"line":137,"column":8},"end":{"line":165,"column":9}},"35":{"start":{"line":138,"column":39},"end":{"line":138,"column":49}},"36":{"start":{"line":139,"column":31},"end":{"line":139,"column":39}},"37":{"start":{"line":141,"column":39},"end":{"line":144,"column":13}},"38":{"start":{"line":146,"column":12},"end":{"line":150,"column":15}},"39":{"start":{"line":152,"column":12},"end":{"line":152,"column":62}},"40":{"start":{"line":154,"column":12},"end":{"line":159,"column":13}},"41":{"start":{"line":155,"column":16},"end":{"line":158,"column":19}},"42":{"start":{"line":161,"column":12},"end":{"line":164,"column":15}},"43":{"start":{"line":169,"column":8},"end":{"line":192,"column":9}},"44":{"start":{"line":170,"column":39},"end":{"line":170,"column":49}},"45":{"start":{"line":172,"column":12},"end":{"line":172,"column":82}},"46":{"start":{"line":174,"column":12},"end":{"line":177,"column":15}},"47":{"start":{"line":179,"column":12},"end":{"line":179,"column":62}},"48":{"start":{"line":181,"column":12},"end":{"line":186,"column":13}},"49":{"start":{"line":182,"column":16},"end":{"line":185,"column":19}},"50":{"start":{"line":188,"column":12},"end":{"line":191,"column":15}},"51":{"start":{"line":196,"column":0},"end":{"line":196,"column":40}}},"fnMap":{"0":{"name":"(anonymous_0)","decl":{"start":{"line":4,"column":29},"end":{"line":4,"column":30}},"loc":{"start":{"line":4,"column":49},"end":{"line":30,"column":5}},"line":4},"1":{"name":"(anonymous_1)","decl":{"start":{"line":32,"column":23},"end":{"line":32,"column":24}},"loc":{"start":{"line":32,"column":43},"end":{"line":134,"column":5}},"line":32},"2":{"name":"(anonymous_2)","decl":{"start":{"line":136,"column":23},"end":{"line":136,"column":24}},"loc":{"start":{"line":136,"column":43},"end":{"line":166,"column":5}},"line":136},"3":{"name":"(anonymous_3)","decl":{"start":{"line":168,"column":23},"end":{"line":168,"column":24}},"loc":{"start":{"line":168,"column":43},"end":{"line":193,"column":5}},"line":168}},"branchMap":{"0":{"loc":{"start":{"line":18,"column":12},"end":{"line":23,"column":13}},"type":"if","locations":[{"start":{"line":18,"column":12},"end":{"line":23,"column":13}},{"start":{},"end":{}}],"line":18},"1":{"loc":{"start":{"line":44,"column":12},"end":{"line":49,"column":13}},"type":"if","locations":[{"start":{"line":44,"column":12},"end":{"line":49,"column":13}},{"start":{},"end":{}}],"line":44},"2":{"loc":{"start":{"line":44,"column":16},"end":{"line":44,"column":72}},"type":"binary-expr","locations":[{"start":{"line":44,"column":16},"end":{"line":44,"column":27}},{"start":{"line":44,"column":32},"end":{"line":44,"column":46}},{"start":{"line":44,"column":50},"end":{"line":44,"column":71}}],"line":44},"3":{"loc":{"start":{"line":53,"column":12},"end":{"line":69,"column":13}},"type":"if","locations":[{"start":{"line":53,"column":12},"end":{"line":69,"column":13}},{"start":{"line":60,"column":19},"end":{"line":69,"column":13}}],"line":53},"4":{"loc":{"start":{"line":72,"column":25},"end":{"line":72,"column":121}},"type":"cond-expr","locations":[{"start":{"line":72,"column":39},"end":{"line":72,"column":84}},{"start":{"line":72,"column":87},"end":{"line":72,"column":121}}],"line":72},"5":{"loc":{"start":{"line":80,"column":12},"end":{"line":85,"column":13}},"type":"if","locations":[{"start":{"line":80,"column":12},"end":{"line":85,"column":13}},{"start":{},"end":{}}],"line":80},"6":{"loc":{"start":{"line":87,"column":12},"end":{"line":92,"column":13}},"type":"if","locations":[{"start":{"line":87,"column":12},"end":{"line":92,"column":13}},{"start":{},"end":{}}],"line":87},"7":{"loc":{"start":{"line":94,"column":12},"end":{"line":99,"column":13}},"type":"if","locations":[{"start":{"line":94,"column":12},"end":{"line":99,"column":13}},{"start":{},"end":{}}],"line":94},"8":{"loc":{"start":{"line":101,"column":12},"end":{"line":106,"column":13}},"type":"if","locations":[{"start":{"line":101,"column":12},"end":{"line":106,"column":13}},{"start":{},"end":{}}],"line":101},"9":{"loc":{"start":{"line":108,"column":12},"end":{"line":113,"column":13}},"type":"if","locations":[{"start":{"line":108,"column":12},"end":{"line":113,"column":13}},{"start":{},"end":{}}],"line":108},"10":{"loc":{"start":{"line":115,"column":12},"end":{"line":120,"column":13}},"type":"if","locations":[{"start":{"line":115,"column":12},"end":{"line":120,"column":13}},{"start":{},"end":{}}],"line":115},"11":{"loc":{"start":{"line":122,"column":12},"end":{"line":127,"column":13}},"type":"if","locations":[{"start":{"line":122,"column":12},"end":{"line":127,"column":13}},{"start":{},"end":{}}],"line":122},"12":{"loc":{"start":{"line":154,"column":12},"end":{"line":159,"column":13}},"type":"if","locations":[{"start":{"line":154,"column":12},"end":{"line":159,"column":13}},{"start":{},"end":{}}],"line":154},"13":{"loc":{"start":{"line":181,"column":12},"end":{"line":186,"column":13}},"type":"if","locations":[{"start":{"line":181,"column":12},"end":{"line":186,"column":13}},{"start":{},"end":{}}],"line":181}},"s":{"0":1,"1":1,"2":0,"3":0,"4":0,"5":0,"6":0,"7":0,"8":0,"9":0,"10":0,"11":0,"12":0,"13":0,"14":0,"15":0,"16":0,"17":0,"18":0,"19":0,"20":0,"21":0,"22":0,"23":0,"24":0,"25":0,"26":0,"27":0,"28":0,"29":0,"30":0,"31":0,"32":0,"33":0,"34":0,"35":0,"36":0,"37":0,"38":0,"39":0,"40":0,"41":0,"42":0,"43":0,"44":0,"45":0,"46":0,"47":0,"48":0,"49":0,"50":0,"51":1},"f":{"0":0,"1":0,"2":0,"3":0},"b":{"0":[0,0],"1":[0,0],"2":[0,0,0],"3":[0,0],"4":[0,0],"5":[0,0],"6":[0,0],"7":[0,0],"8":[0,0],"9":[0,0],"10":[0,0],"11":[0,0],"12":[0,0],"13":[0,0]},"_coverageSchema":"1a1c01bbd47fc00a2c39e90264f33305004495a9","hash":"a228ebe9b0012a5eb492a74d5778bdaf609cd932"}
,"/Users/afif/School/UGM/MBKM/BINAR ACADEMY/FINAL PROJECT/BE-FINAL_PROJECT-TEAM_12/controllers/userController.js": {"path":"/Users/afif/School/UGM/MBKM/BINAR ACADEMY/FINAL PROJECT/BE-FINAL_PROJECT-TEAM_12/controllers/userController.js","statementMap":{"0":{"start":{"line":1,"column":0},"end":{"line":1,"column":27}},"1":{"start":{"line":2,"column":12},"end":{"line":2,"column":26}},"2":{"start":{"line":3,"column":15},"end":{"line":3,"column":32}},"3":{"start":{"line":4,"column":12},"end":{"line":4,"column":35}},"4":{"start":{"line":5,"column":15},"end":{"line":5,"column":40}},"5":{"start":{"line":6,"column":15},"end":{"line":6,"column":32}},"6":{"start":{"line":8,"column":120},"end":{"line":8,"column":154}},"7":{"start":{"line":10,"column":13},"end":{"line":10,"column":29}},"8":{"start":{"line":11,"column":19},"end":{"line":11,"column":41}},"9":{"start":{"line":13,"column":21},"end":{"line":16,"column":2}},"10":{"start":{"line":18,"column":20},"end":{"line":38,"column":4}},"11":{"start":{"line":40,"column":27},"end":{"line":57,"column":2}},"12":{"start":{"line":61,"column":6},"end":{"line":71,"column":7}},"13":{"start":{"line":62,"column":23},"end":{"line":62,"column":66}},"14":{"start":{"line":63,"column":26},"end":{"line":63,"column":76}},"15":{"start":{"line":65,"column":8},"end":{"line":65,"column":58}},"16":{"start":{"line":67,"column":8},"end":{"line":67,"column":37}},"17":{"start":{"line":70,"column":8},"end":{"line":70,"column":27}},"18":{"start":{"line":75,"column":31},"end":{"line":75,"column":62}},"19":{"start":{"line":76,"column":6},"end":{"line":82,"column":7}},"20":{"start":{"line":77,"column":10},"end":{"line":81,"column":13}},"21":{"start":{"line":83,"column":6},"end":{"line":122,"column":7}},"22":{"start":{"line":84,"column":23},"end":{"line":84,"column":56}},"23":{"start":{"line":86,"column":8},"end":{"line":118,"column":9}},"24":{"start":{"line":87,"column":10},"end":{"line":90,"column":12}},"25":{"start":{"line":93,"column":27},"end":{"line":93,"column":80}},"26":{"start":{"line":94,"column":10},"end":{"line":117,"column":11}},"27":{"start":{"line":95,"column":12},"end":{"line":98,"column":14}},"28":{"start":{"line":101,"column":24},"end":{"line":101,"column":67}},"29":{"start":{"line":102,"column":30},"end":{"line":102,"column":80}},"30":{"start":{"line":104,"column":12},"end":{"line":104,"column":65}},"31":{"start":{"line":106,"column":25},"end":{"line":109,"column":13}},"32":{"start":{"line":111,"column":29},"end":{"line":111,"column":71}},"33":{"start":{"line":113,"column":12},"end":{"line":116,"column":14}},"34":{"start":{"line":121,"column":8},"end":{"line":121,"column":27}},"35":{"start":{"line":126,"column":8},"end":{"line":175,"column":11}},"36":{"start":{"line":127,"column":37},"end":{"line":127,"column":67}},"37":{"start":{"line":128,"column":12},"end":{"line":134,"column":13}},"38":{"start":{"line":129,"column":16},"end":{"line":133,"column":19}},"39":{"start":{"line":136,"column":27},"end":{"line":136,"column":74}},"40":{"start":{"line":137,"column":33},"end":{"line":137,"column":66}},"41":{"start":{"line":139,"column":12},"end":{"line":144,"column":13}},"42":{"start":{"line":140,"column":14},"end":{"line":143,"column":16}},"43":{"start":{"line":146,"column":40},"end":{"line":146,"column":86}},"44":{"start":{"line":148,"column":25},"end":{"line":160,"column":13}},"45":{"start":{"line":162,"column":28},"end":{"line":162,"column":50}},"46":{"start":{"line":164,"column":47},"end":{"line":164,"column":54}},"47":{"start":{"line":166,"column":12},"end":{"line":170,"column":15}},"48":{"start":{"line":173,"column":12},"end":{"line":173,"column":24}},"49":{"start":{"line":174,"column":12},"end":{"line":174,"column":19}},"50":{"start":{"line":179,"column":29},"end":{"line":179,"column":37}},"51":{"start":{"line":180,"column":6},"end":{"line":185,"column":7}},"52":{"start":{"line":181,"column":8},"end":{"line":184,"column":11}},"53":{"start":{"line":187,"column":6},"end":{"line":224,"column":7}},"54":{"start":{"line":188,"column":21},"end":{"line":188,"column":48}},"55":{"start":{"line":190,"column":8},"end":{"line":195,"column":9}},"56":{"start":{"line":191,"column":10},"end":{"line":194,"column":13}},"57":{"start":{"line":197,"column":31},"end":{"line":197,"column":55}},"58":{"start":{"line":199,"column":27},"end":{"line":199,"column":79}},"59":{"start":{"line":201,"column":8},"end":{"line":206,"column":9}},"60":{"start":{"line":202,"column":10},"end":{"line":205,"column":13}},"61":{"start":{"line":208,"column":21},"end":{"line":212,"column":9}},"62":{"start":{"line":214,"column":23},"end":{"line":214,"column":59}},"63":{"start":{"line":216,"column":8},"end":{"line":220,"column":11}},"64":{"start":{"line":222,"column":8},"end":{"line":222,"column":20}},"65":{"start":{"line":223,"column":8},"end":{"line":223,"column":15}},"66":{"start":{"line":228,"column":22},"end":{"line":228,"column":40}},"67":{"start":{"line":229,"column":6},"end":{"line":255,"column":7}},"68":{"start":{"line":230,"column":8},"end":{"line":235,"column":9}},"69":{"start":{"line":231,"column":10},"end":{"line":234,"column":12}},"70":{"start":{"line":236,"column":19},"end":{"line":236,"column":55}},"71":{"start":{"line":238,"column":8},"end":{"line":250,"column":9}},"72":{"start":{"line":239,"column":12},"end":{"line":243,"column":14}},"73":{"start":{"line":246,"column":12},"end":{"line":249,"column":14}},"74":{"start":{"line":253,"column":10},"end":{"line":253,"column":22}},"75":{"start":{"line":254,"column":10},"end":{"line":254,"column":17}},"76":{"start":{"line":258,"column":22},"end":{"line":258,"column":40}},"77":{"start":{"line":259,"column":6},"end":{"line":317,"column":7}},"78":{"start":{"line":260,"column":8},"end":{"line":265,"column":9}},"79":{"start":{"line":261,"column":10},"end":{"line":264,"column":12}},"80":{"start":{"line":266,"column":33},"end":{"line":266,"column":70}},"81":{"start":{"line":267,"column":8},"end":{"line":273,"column":9}},"82":{"start":{"line":268,"column":12},"end":{"line":272,"column":15}},"83":{"start":{"line":275,"column":29},"end":{"line":275,"column":65}},"84":{"start":{"line":276,"column":8},"end":{"line":281,"column":7}},"85":{"start":{"line":277,"column":10},"end":{"line":280,"column":13}},"86":{"start":{"line":282,"column":20},"end":{"line":282,"column":56}},"87":{"start":{"line":285,"column":20},"end":{"line":285,"column":50}},"88":{"start":{"line":286,"column":8},"end":{"line":294,"column":9}},"89":{"start":{"line":287,"column":31},"end":{"line":287,"column":59}},"90":{"start":{"line":288,"column":10},"end":{"line":293,"column":11}},"91":{"start":{"line":289,"column":12},"end":{"line":292,"column":14}},"92":{"start":{"line":296,"column":21},"end":{"line":304,"column":7}},"93":{"start":{"line":306,"column":25},"end":{"line":306,"column":70}},"94":{"start":{"line":308,"column":8},"end":{"line":312,"column":11}},"95":{"start":{"line":315,"column":8},"end":{"line":315,"column":20}},"96":{"start":{"line":316,"column":8},"end":{"line":316,"column":15}},"97":{"start":{"line":320,"column":22},"end":{"line":320,"column":40}},"98":{"start":{"line":321,"column":6},"end":{"line":348,"column":9}},"99":{"start":{"line":322,"column":8},"end":{"line":327,"column":9}},"100":{"start":{"line":323,"column":10},"end":{"line":326,"column":12}},"101":{"start":{"line":329,"column":31},"end":{"line":329,"column":67}},"102":{"start":{"line":330,"column":10},"end":{"line":335,"column":13}},"103":{"start":{"line":331,"column":14},"end":{"line":334,"column":17}},"104":{"start":{"line":337,"column":30},"end":{"line":337,"column":69}},"105":{"start":{"line":339,"column":10},"end":{"line":343,"column":12}},"106":{"start":{"line":346,"column":12},"end":{"line":346,"column":24}},"107":{"start":{"line":347,"column":12},"end":{"line":347,"column":19}},"108":{"start":{"line":352,"column":31},"end":{"line":352,"column":62}},"109":{"start":{"line":353,"column":6},"end":{"line":359,"column":7}},"110":{"start":{"line":354,"column":10},"end":{"line":358,"column":13}},"111":{"start":{"line":360,"column":6},"end":{"line":406,"column":7}},"112":{"start":{"line":361,"column":32},"end":{"line":361,"column":37}},"113":{"start":{"line":362,"column":23},"end":{"line":362,"column":50}},"114":{"start":{"line":364,"column":8},"end":{"line":401,"column":9}},"115":{"start":{"line":365,"column":10},"end":{"line":368,"column":12}},"116":{"start":{"line":372,"column":29},"end":{"line":372,"column":76}},"117":{"start":{"line":373,"column":12},"end":{"line":400,"column":13}},"118":{"start":{"line":374,"column":14},"end":{"line":377,"column":16}},"119":{"start":{"line":380,"column":14},"end":{"line":385,"column":15}},"120":{"start":{"line":381,"column":16},"end":{"line":384,"column":18}},"121":{"start":{"line":386,"column":30},"end":{"line":388,"column":15}},"122":{"start":{"line":389,"column":34},"end":{"line":393,"column":37}},"123":{"start":{"line":395,"column":14},"end":{"line":399,"column":16}},"124":{"start":{"line":404,"column":8},"end":{"line":404,"column":20}},"125":{"start":{"line":405,"column":8},"end":{"line":405,"column":15}},"126":{"start":{"line":410,"column":0},"end":{"line":410,"column":32}}},"fnMap":{"0":{"name":"(anonymous_0)","decl":{"start":{"line":60,"column":4},"end":{"line":60,"column":5}},"loc":{"start":{"line":60,"column":36},"end":{"line":72,"column":5}},"line":60},"1":{"name":"(anonymous_1)","decl":{"start":{"line":74,"column":4},"end":{"line":74,"column":5}},"loc":{"start":{"line":74,"column":42},"end":{"line":123,"column":5}},"line":74},"2":{"name":"(anonymous_2)","decl":{"start":{"line":125,"column":4},"end":{"line":125,"column":5}},"loc":{"start":{"line":125,"column":45},"end":{"line":176,"column":5}},"line":125},"3":{"name":"(anonymous_3)","decl":{"start":{"line":178,"column":4},"end":{"line":178,"column":5}},"loc":{"start":{"line":178,"column":43},"end":{"line":225,"column":5}},"line":178},"4":{"name":"(anonymous_4)","decl":{"start":{"line":227,"column":4},"end":{"line":227,"column":5}},"loc":{"start":{"line":227,"column":40},"end":{"line":256,"column":5}},"line":227},"5":{"name":"(anonymous_5)","decl":{"start":{"line":257,"column":4},"end":{"line":257,"column":5}},"loc":{"start":{"line":257,"column":43},"end":{"line":318,"column":5}},"line":257},"6":{"name":"(anonymous_6)","decl":{"start":{"line":319,"column":4},"end":{"line":319,"column":5}},"loc":{"start":{"line":319,"column":43},"end":{"line":349,"column":5}},"line":319},"7":{"name":"(anonymous_7)","decl":{"start":{"line":351,"column":4},"end":{"line":351,"column":5}},"loc":{"start":{"line":351,"column":38},"end":{"line":407,"column":5}},"line":351}},"branchMap":{"0":{"loc":{"start":{"line":76,"column":6},"end":{"line":82,"column":7}},"type":"if","locations":[{"start":{"line":76,"column":6},"end":{"line":82,"column":7}},{"start":{},"end":{}}],"line":76},"1":{"loc":{"start":{"line":86,"column":8},"end":{"line":118,"column":9}},"type":"if","locations":[{"start":{"line":86,"column":8},"end":{"line":118,"column":9}},{"start":{"line":92,"column":12},"end":{"line":118,"column":9}}],"line":86},"2":{"loc":{"start":{"line":94,"column":10},"end":{"line":117,"column":11}},"type":"if","locations":[{"start":{"line":94,"column":10},"end":{"line":117,"column":11}},{"start":{"line":100,"column":14},"end":{"line":117,"column":11}}],"line":94},"3":{"loc":{"start":{"line":128,"column":12},"end":{"line":134,"column":13}},"type":"if","locations":[{"start":{"line":128,"column":12},"end":{"line":134,"column":13}},{"start":{},"end":{}}],"line":128},"4":{"loc":{"start":{"line":139,"column":12},"end":{"line":144,"column":13}},"type":"if","locations":[{"start":{"line":139,"column":12},"end":{"line":144,"column":13}},{"start":{},"end":{}}],"line":139},"5":{"loc":{"start":{"line":180,"column":6},"end":{"line":185,"column":7}},"type":"if","locations":[{"start":{"line":180,"column":6},"end":{"line":185,"column":7}},{"start":{},"end":{}}],"line":180},"6":{"loc":{"start":{"line":180,"column":10},"end":{"line":180,"column":24}},"type":"binary-expr","locations":[{"start":{"line":180,"column":10},"end":{"line":180,"column":16}},{"start":{"line":180,"column":20},"end":{"line":180,"column":24}}],"line":180},"7":{"loc":{"start":{"line":190,"column":8},"end":{"line":195,"column":9}},"type":"if","locations":[{"start":{"line":190,"column":8},"end":{"line":195,"column":9}},{"start":{},"end":{}}],"line":190},"8":{"loc":{"start":{"line":199,"column":27},"end":{"line":199,"column":79}},"type":"binary-expr","locations":[{"start":{"line":199,"column":27},"end":{"line":199,"column":43}},{"start":{"line":199,"column":47},"end":{"line":199,"column":79}}],"line":199},"9":{"loc":{"start":{"line":201,"column":8},"end":{"line":206,"column":9}},"type":"if","locations":[{"start":{"line":201,"column":8},"end":{"line":206,"column":9}},{"start":{},"end":{}}],"line":201},"10":{"loc":{"start":{"line":230,"column":8},"end":{"line":235,"column":9}},"type":"if","locations":[{"start":{"line":230,"column":8},"end":{"line":235,"column":9}},{"start":{},"end":{}}],"line":230},"11":{"loc":{"start":{"line":238,"column":8},"end":{"line":250,"column":9}},"type":"if","locations":[{"start":{"line":238,"column":8},"end":{"line":250,"column":9}},{"start":{"line":245,"column":12},"end":{"line":250,"column":9}}],"line":238},"12":{"loc":{"start":{"line":260,"column":8},"end":{"line":265,"column":9}},"type":"if","locations":[{"start":{"line":260,"column":8},"end":{"line":265,"column":9}},{"start":{},"end":{}}],"line":260},"13":{"loc":{"start":{"line":267,"column":8},"end":{"line":273,"column":9}},"type":"if","locations":[{"start":{"line":267,"column":8},"end":{"line":273,"column":9}},{"start":{},"end":{}}],"line":267},"14":{"loc":{"start":{"line":276,"column":8},"end":{"line":281,"column":7}},"type":"if","locations":[{"start":{"line":276,"column":8},"end":{"line":281,"column":7}},{"start":{},"end":{}}],"line":276},"15":{"loc":{"start":{"line":282,"column":20},"end":{"line":282,"column":56}},"type":"binary-expr","locations":[{"start":{"line":282,"column":20},"end":{"line":282,"column":34}},{"start":{"line":282,"column":38},"end":{"line":282,"column":56}}],"line":282},"16":{"loc":{"start":{"line":286,"column":8},"end":{"line":294,"column":9}},"type":"if","locations":[{"start":{"line":286,"column":8},"end":{"line":294,"column":9}},{"start":{},"end":{}}],"line":286},"17":{"loc":{"start":{"line":288,"column":10},"end":{"line":293,"column":11}},"type":"if","locations":[{"start":{"line":288,"column":10},"end":{"line":293,"column":11}},{"start":{},"end":{}}],"line":288},"18":{"loc":{"start":{"line":297,"column":16},"end":{"line":297,"column":50}},"type":"binary-expr","locations":[{"start":{"line":297,"column":16},"end":{"line":297,"column":29}},{"start":{"line":297,"column":33},"end":{"line":297,"column":50}}],"line":297},"19":{"loc":{"start":{"line":298,"column":28},"end":{"line":298,"column":86}},"type":"binary-expr","locations":[{"start":{"line":298,"column":28},"end":{"line":298,"column":53}},{"start":{"line":298,"column":57},"end":{"line":298,"column":86}}],"line":298},"20":{"loc":{"start":{"line":300,"column":19},"end":{"line":300,"column":59}},"type":"binary-expr","locations":[{"start":{"line":300,"column":19},"end":{"line":300,"column":35}},{"start":{"line":300,"column":39},"end":{"line":300,"column":59}}],"line":300},"21":{"loc":{"start":{"line":301,"column":27},"end":{"line":301,"column":83}},"type":"binary-expr","locations":[{"start":{"line":301,"column":27},"end":{"line":301,"column":51}},{"start":{"line":301,"column":55},"end":{"line":301,"column":83}}],"line":301},"22":{"loc":{"start":{"line":302,"column":15},"end":{"line":302,"column":47}},"type":"binary-expr","locations":[{"start":{"line":302,"column":15},"end":{"line":302,"column":27}},{"start":{"line":302,"column":31},"end":{"line":302,"column":47}}],"line":302},"23":{"loc":{"start":{"line":322,"column":8},"end":{"line":327,"column":9}},"type":"if","locations":[{"start":{"line":322,"column":8},"end":{"line":327,"column":9}},{"start":{},"end":{}}],"line":322},"24":{"loc":{"start":{"line":330,"column":10},"end":{"line":335,"column":13}},"type":"if","locations":[{"start":{"line":330,"column":10},"end":{"line":335,"column":13}},{"start":{},"end":{}}],"line":330},"25":{"loc":{"start":{"line":353,"column":6},"end":{"line":359,"column":7}},"type":"if","locations":[{"start":{"line":353,"column":6},"end":{"line":359,"column":7}},{"start":{},"end":{}}],"line":353},"26":{"loc":{"start":{"line":364,"column":8},"end":{"line":401,"column":9}},"type":"if","locations":[{"start":{"line":364,"column":8},"end":{"line":401,"column":9}},{"start":{"line":371,"column":12},"end":{"line":401,"column":9}}],"line":364},"27":{"loc":{"start":{"line":373,"column":12},"end":{"line":400,"column":13}},"type":"if","locations":[{"start":{"line":373,"column":12},"end":{"line":400,"column":13}},{"start":{"line":379,"column":16},"end":{"line":400,"column":13}}],"line":373},"28":{"loc":{"start":{"line":380,"column":14},"end":{"line":385,"column":15}},"type":"if","locations":[{"start":{"line":380,"column":14},"end":{"line":385,"column":15}},{"start":{},"end":{}}],"line":380}},"s":{"0":1,"1":1,"2":1,"3":1,"4":1,"5":1,"6":1,"7":1,"8":1,"9":1,"10":1,"11":1,"12":0,"13":0,"14":0,"15":0,"16":0,"17":0,"18":0,"19":0,"20":0,"21":0,"22":0,"23":0,"24":0,"25":0,"26":0,"27":0,"28":0,"29":0,"30":0,"31":0,"32":0,"33":0,"34":0,"35":0,"36":0,"37":0,"38":0,"39":0,"40":0,"41":0,"42":0,"43":0,"44":0,"45":0,"46":0,"47":0,"48":0,"49":0,"50":0,"51":0,"52":0,"53":0,"54":0,"55":0,"56":0,"57":0,"58":0,"59":0,"60":0,"61":0,"62":0,"63":0,"64":0,"65":0,"66":0,"67":0,"68":0,"69":0,"70":0,"71":0,"72":0,"73":0,"74":0,"75":0,"76":0,"77":0,"78":0,"79":0,"80":0,"81":0,"82":0,"83":0,"84":0,"85":0,"86":0,"87":0,"88":0,"89":0,"90":0,"91":0,"92":0,"93":0,"94":0,"95":0,"96":0,"97":0,"98":0,"99":0,"100":0,"101":0,"102":0,"103":0,"104":0,"105":0,"106":0,"107":0,"108":0,"109":0,"110":0,"111":0,"112":0,"113":0,"114":0,"115":0,"116":0,"117":0,"118":0,"119":0,"120":0,"121":0,"122":0,"123":0,"124":0,"125":0,"126":1},"f
[...]
,"/Users/afif/School/UGM/MBKM/BINAR ACADEMY/FINAL PROJECT/BE-FINAL_PROJECT-TEAM_12/utils/jwtGenerator.js": {"path":"/Users/afif/School/UGM/MBKM/BINAR ACADEMY/FINAL PROJECT/BE-FINAL_PROJECT-TEAM_12/utils/jwtGenerator.js","statementMap":{"0":{"start":{"line":1,"column":12},"end":{"line":1,"column":35}},"1":{"start":{"line":2,"column":19},"end":{"line":2,"column":41}},"2":{"start":{"line":5,"column":2},"end":{"line":19,"column":3}},"3":{"start":{"line":6,"column":20},"end":{"line":10,"column":5}},"4":{"start":{"line":12,"column":20},"end":{"line":14,"column":5}},"5":{"start":{"line":16,"column":4},"end":{"line":16,"column":50}},"6":{"start":{"line":18,"column":4},"end":{"line":18,"column":64}},"7":{"start":{"line":22,"column":0},"end":{"line":22,"column":31}}},"fnMap":{"0":{"name":"generateToken","decl":{"start":{"line":4,"column":9},"end":{"line":4,"column":22}},"loc":{"start":{"line":4,"column":33},"end":{"line":20,"column":1}},"line":4}},"branchMap":{},"s":{"0":1,"1":1,"2":0,"3":0,"4":0,"5":0,"6":0,"7":1},"f":{"0":0},"b":{},"_coverageSchema":"1a1c01bbd47fc00a2c39e90264f33305004495a9","hash":"2764e7b553aab714b78c20f6a0b6dfa308d658d1"}
,"/Users/afif/School/UGM/MBKM/BINAR ACADEMY/FINAL PROJECT/BE-FINAL_PROJECT-TEAM_12/utils/jwtResetToken.js": {"path":"/Users/afif/School/UGM/MBKM/BINAR ACADEMY/FINAL PROJECT/BE-FINAL_PROJECT-TEAM_12/utils/jwtResetToken.js","statementMap":{"0":{"start":{"line":1,"column":12},"end":{"line":1,"column":35}},"1":{"start":{"line":2,"column":19},"end":{"line":2,"column":41}},"2":{"start":{"line":3,"column":28},"end":{"line":3,"column":59}},"3":{"start":{"line":6,"column":2},"end":{"line":6,"column":77}},"4":{"start":{"line":9,"column":0},"end":{"line":9,"column":40}}},"fnMap":{"0":{"name":"generateResetToken","decl":{"start":{"line":5,"column":9},"end":{"line":5,"column":27}},"loc":{"start":{"line":5,"column":35},"end":{"line":7,"column":1}},"line":5}},"branchMap":{},"s":{"0":1,"1":1,"2":1,"3":0,"4":1},"f":{"0":0},"b":{},"_coverageSchema":"1a1c01bbd47fc00a2c39e90264f33305004495a9","hash":"3ef784f16379ea986bd7f26098e402f94d8e9fac"}
,"/Users/afif/School/UGM/MBKM/BINAR ACADEMY/FINAL PROJECT/BE-FINAL_PROJECT-TEAM_12/utils/queryParser.js": {"path":"/Users/afif/School/UGM/MBKM/BINAR ACADEMY/FINAL PROJECT/BE-FINAL_PROJECT-TEAM_12/utils/queryParser.js","statementMap":{"0":{"start":{"line":5,"column":35},"end":{"line":5,"column":40}},"1":{"start":{"line":7,"column":4},"end":{"line":12,"column":5}},"2":{"start":{"line":8,"column":8},"end":{"line":11,"column":10}},"3":{"start":{"line":13,"column":4},"end":{"line":18,"column":5}},"4":{"start":{"line":14,"column":8},"end":{"line":17,"column":10}},"5":{"start":{"line":19,"column":4},"end":{"line":24,"column":5}},"6":{"start":{"line":20,"column":8},"end":{"line":23,"column":10}},"7":{"start":{"line":26,"column":4},"end":{"line":31,"column":5}},"8":{"start":{"line":27,"column":8},"end":{"line":30,"column":10}},"9":{"start":{"line":33,"column":4},"end":{"line":38,"column":5}},"10":{"start":{"line":34,"column":8},"end":{"line":37,"column":10}},"11":{"start":{"line":41,"column":23},"end":{"line":41,"column":41}},"12":{"start":{"line":42,"column":24},"end":{"line":42,"column":43}},"13":{"start":{"line":43,"column":19},"end":{"line":43,"column":49}},"14":{"start":{"line":45,"column":28},"end":{"line":45,"column":87}},"15":{"start":{"line":47,"column":4},"end":{"line":68,"column":6}},"16":{"start":{"line":71,"column":0},"end":{"line":71,"column":38}}},"fnMap":{"0":{"name":"parseQueryParams","decl":{"start":{"line":1,"column":9},"end":{"line":1,"column":25}},"loc":{"start":{"line":1,"column":33},"end":{"line":69,"column":1}},"line":1}},"branchMap":{"0":{"loc":{"start":{"line":3,"column":12},"end":{"line":3,"column":30}},"type":"default-arg","locations":[{"start":{"line":3,"column":29},"end":{"line":3,"column":30}}],"line":3},"1":{"loc":{"start":{"line":3,"column":32},"end":{"line":3,"column":50}},"type":"default-arg","locations":[{"start":{"line":3,"column":49},"end":{"line":3,"column":50}}],"line":3},"2":{"loc":{"start":{"line":3,"column":52},"end":{"line":3,"column":71}},"type":"default-arg","locations":[{"start":{"line":3,"column":70},"end":{"line":3,"column":71}}],"line":3},"3":{"loc":{"start":{"line":4,"column":12},"end":{"line":4,"column":20}},"type":"default-arg","locations":[{"start":{"line":4,"column":19},"end":{"line":4,"column":20}}],"line":4},"4":{"loc":{"start":{"line":4,"column":22},"end":{"line":4,"column":32}},"type":"default-arg","locations":[{"start":{"line":4,"column":30},"end":{"line":4,"column":32}}],"line":4},"5":{"loc":{"start":{"line":7,"column":4},"end":{"line":12,"column":5}},"type":"if","locations":[{"start":{"line":7,"column":4},"end":{"line":12,"column":5}},{"start":{},"end":{}}],"line":7},"6":{"loc":{"start":{"line":7,"column":8},"end":{"line":7,"column":43}},"type":"binary-expr","locations":[{"start":{"line":7,"column":8},"end":{"line":7,"column":16}},{"start":{"line":7,"column":20},"end":{"line":7,"column":43}}],"line":7},"7":{"loc":{"start":{"line":13,"column":4},"end":{"line":18,"column":5}},"type":"if","locations":[{"start":{"line":13,"column":4},"end":{"line":18,"column":5}},{"start":{},"end":{}}],"line":13},"8":{"loc":{"start":{"line":13,"column":8},"end":{"line":13,"column":43}},"type":"binary-expr","locations":[{"start":{"line":13,"column":8},"end":{"line":13,"column":16}},{"start":{"line":13,"column":20},"end":{"line":13,"column":43}}],"line":13},"9":{"loc":{"start":{"line":19,"column":4},"end":{"line":24,"column":5}},"type":"if","locations":[{"start":{"line":19,"column":4},"end":{"line":24,"column":5}},{"start":{},"end":{}}],"line":19},"10":{"loc":{"start":{"line":19,"column":8},"end":{"line":19,"column":67}},"type":"binary-expr","locations":[{"start":{"line":19,"column":8},"end":{"line":19,"column":16}},{"start":{"line":19,"column":20},"end":{"line":19,"column":28}},{"start":{"line":19,"column":32},"end":{"line":19,"column":67}}],"line":19},"11":{"loc":{"start":{"line":26,"column":4},"end":{"line":31,"column":5}},"type":"if","locations":[{"start":{"line":26,"column":4},"end":{"line":31,"column":5}},{"start":{},"end":{}}],"line":26},"12":{"loc":{"start":{"line":33,"column":4},"end":{"line":38,"column":5}},"type":"if","locations":[{"start":{"line":33,"column":4},"end":{"line":38,"column":5}},{"start":{},"end":{}}],"line":33},"13":{"loc":{"start":{"line":33,"column":8},"end":{"line":33,"column":68}},"type":"binary-expr","locations":[{"start":{"line":33,"column":8},"end":{"line":33,"column":18}},{"start":{"line":33,"column":22},"end":{"line":33,"column":68}}],"line":33},"14":{"loc":{"start":{"line":66,"column":18},"end":{"line":66,"column":57}},"type":"cond-expr","locations":[{"start":{"line":66,"column":29},"end":{"line":66,"column":45}},{"start":{"line":66,"column":48},"end":{"line":66,"column":57}}],"line":66},"15":{"loc":{"start":{"line":67,"column":18},"end":{"line":67,"column":57}},"type":"cond-expr","locations":[{"start":{"line":67,"column":29},"end":{"line":67,"column":45}},{"start":{"line":67,"column":48},"end":{"line":67,"column":57}}],"line":67}},"s":{"0":0,"1":0,"2":0,"3":0,"4":0,"5":0,"6":0,"7":0,"8":0,"9":0,"10":0,"11":0,"12":0,"13":0,"14":0,"15":0,"16":1},"f":{"0":0},"b":{"0":[0],"1":[0],"2":[0],"3":[0],"4":[0],"5":[0,0],"6":[0,0],"7":[0,0],"8":[0,0],"9":[0,0],"10":[0,0,0],"11":[0,0],"12":[0,0],"13":[0,0],"14":[0,0],"15":[0,0]},"_coverageSchema":"1a1c01bbd47fc00a2c39e90264f33305004495a9","hash":"8e6c4be6a55a7136fcbb7be8418d491898776cd3"}
,"/Users/afif/School/UGM/MBKM/BINAR ACADEMY/FINAL PROJECT/BE-FINAL_PROJECT-TEAM_12/utils/searchBuilder.js": {"path":"/Users/afif/School/UGM/MBKM/BINAR ACADEMY/FINAL PROJECT/BE-FINAL_PROJECT-TEAM_12/utils/searchBuilder.js","statementMap":{"0":{"start":{"line":11,"column":22},"end":{"line":18,"column":5}},"1":{"start":{"line":12,"column":8},"end":{"line":12,"column":31}},"2":{"start":{"line":12,"column":19},"end":{"line":12,"column":31}},"3":{"start":{"line":13,"column":27},"end":{"line":13,"column":60}},"4":{"start":{"line":14,"column":8},"end":{"line":16,"column":9}},"5":{"start":{"line":15,"column":12},"end":{"line":15,"column":24}},"6":{"start":{"line":17,"column":8},"end":{"line":17,"column":26}},"7":{"start":{"line":20,"column":30},"end":{"line":20,"column":54}},"8":{"start":{"line":21,"column":27},"end":{"line":21,"column":48}},"9":{"start":{"line":28,"column":4},"end":{"line":36,"column":5}},"10":{"start":{"line":29,"column":8},"end":{"line":29,"column":41}},"11":{"start":{"line":30,"column":8},"end":{"line":30,"column":20}},"12":{"start":{"line":31,"column":8},"end":{"line":31,"column":27}},"13":{"start":{"line":33,"column":8},"end":{"line":33,"column":44}},"14":{"start":{"line":34,"column":8},"end":{"line":34,"column":22}},"15":{"start":{"line":35,"column":8},"end":{"line":35,"column":25}},"16":{"start":{"line":38,"column":23},"end":{"line":49,"column":5}},"17":{"start":{"line":52,"column":4},"end":{"line":52,"column":22}},"18":{"start":{"line":55,"column":0},"end":{"line":55,"column":43}}},"fnMap":{"0":{"name":"buildSearchConditions","decl":{"start":{"line":1,"column":9},"end":{"line":1,"column":30}},"loc":{"start":{"line":8,"column":3},"end":{"line":53,"column":1}},"line":8},"1":{"name":"(anonymous_1)","decl":{"start":{"line":11,"column":22},"end":{"line":11,"column":23}},"loc":{"start":{"line":11,"column":32},"end":{"line":18,"column":5}},"line":11}},"branchMap":{"0":{"loc":{"start":{"line":7,"column":4},"end":{"line":7,"column":20}},"type":"default-arg","locations":[{"start":{"line":7,"column":15},"end":{"line":7,"column":20}}],"line":7},"1":{"loc":{"start":{"line":12,"column":8},"end":{"line":12,"column":31}},"type":"if","locations":[{"start":{"line":12,"column":8},"end":{"line":12,"column":31}},{"start":{},"end":{}}],"line":12},"2":{"loc":{"start":{"line":14,"column":8},"end":{"line":16,"column":9}},"type":"if","locations":[{"start":{"line":14,"column":8},"end":{"line":16,"column":9}},{"start":{},"end":{}}],"line":14},"3":{"loc":{"start":{"line":28,"column":4},"end":{"line":36,"column":5}},"type":"if","locations":[{"start":{"line":28,"column":4},"end":{"line":36,"column":5}},{"start":{"line":32,"column":11},"end":{"line":36,"column":5}}],"line":28},"4":{"loc":{"start":{"line":39,"column":12},"end":{"line":46,"column":9}},"type":"binary-expr","locations":[{"start":{"line":39,"column":12},"end":{"line":39,"column":18}},{"start":{"line":39,"column":22},"end":{"line":39,"column":33}},{"start":{"line":39,"column":37},"end":{"line":46,"column":9}}],"line":39},"5":{"loc":{"start":{"line":42,"column":28},"end":{"line":45,"column":25}},"type":"cond-expr","locations":[{"start":{"line":42,"column":44},"end":{"line":45,"column":13}},{"start":{"line":45,"column":16},"end":{"line":45,"column":25}}],"line":42},"6":{"loc":{"start":{"line":48,"column":12},"end":{"line":48,"column":66}},"type":"binary-expr","locations":[{"start":{"line":48,"column":12},"end":{"line":48,"column":21}},{"start":{"line":48,"column":25},"end":{"line":48,"column":66}}],"line":48}},"s":{"0":0,"1":0,"2":0,"3":0,"4":0,"5":0,"6":0,"7":0,"8":0,"9":0,"10":0,"11":0,"12":0,"13":0,"14":0,"15":0,"16":0,"17":0,"18":1},"f":{"0":0,"1":0},"b":{"0":[0],"1":[0,0],"2":[0,0],"3":[0,0],"4":[0,0,0],"5":[0,0],"6":[0,0]},"_coverageSchema":"1a1c01bbd47fc00a2c39e90264f33305004495a9","hash":"9c87645ca0cc394c9143dbf87e881ff2ba21c587"}
,"/Users/afif/School/UGM/MBKM/BINAR ACADEMY/FINAL PROJECT/BE-FINAL_PROJECT-TEAM_12/utils/seatCalculator.js": {"path":"/Users/afif/School/UGM/MBKM/BINAR ACADEMY/FINAL PROJECT/BE-FINAL_PROJECT-TEAM_12/utils/seatCalculator.js","statementMap":{"0":{"start":{"line":1,"column":25},"end":{"line":1,"column":50}},"1":{"start":{"line":2,"column":15},"end":{"line":2,"column":33}},"2":{"start":{"line":5,"column":23},"end":{"line":5,"column":98}},"3":{"start":{"line":6,"column":24},"end":{"line":6,"column":122}},"4":{"start":{"line":7,"column":4},"end":{"line":7,"column":36}},"5":{"start":{"line":10,"column":0},"end":{"line":10,"column":45}}},"fnMap":{"0":{"name":"calculateAvailableSeats","decl":{"start":{"line":4,"column":15},"end":{"line":4,"column":38}},"loc":{"start":{"line":4,"column":59},"end":{"line":8,"column":1}},"line":4}},"branchMap":{},"s":{"0":1,"1":1,"2":0,"3":0,"4":0,"5":1},"f":{"0":0},"b":{},"_coverageSchema":"1a1c01bbd47fc00a2c39e90264f33305004495a9","hash":"bf823970ca87438c15d380cb97054e902e893a2a"}
,"/Users/afif/School/UGM/MBKM/BINAR ACADEMY/FINAL PROJECT/BE-FINAL_PROJECT-TEAM_12/utils/sortingBuilder.js": {"path":"/Users/afif/School/UGM/MBKM/BINAR ACADEMY/FINAL PROJECT/BE-FINAL_PROJECT-TEAM_12/utils/sortingBuilder.js","statementMap":{"0":{"start":{"line":2,"column":20},"end":{"line":2,"column":22}},"1":{"start":{"line":4,"column":4},"end":{"line":8,"column":5}},"2":{"start":{"line":5,"column":8},"end":{"line":5,"column":48}},"3":{"start":{"line":6,"column":11},"end":{"line":8,"column":5}},"4":{"start":{"line":7,"column":8},"end":{"line":7,"column":49}},"5":{"start":{"line":10,"column":4},"end":{"line":14,"column":5}},"6":{"start":{"line":11,"column":8},"end":{"line":11,"column":46}},"7":{"start":{"line":12,"column":11},"end":{"line":14,"column":5}},"8":{"start":{"line":13,"column":8},"end":{"line":13,"column":47}},"9":{"start":{"line":16,"column":4},"end":{"line":20,"column":5}},"10":{"start":{"line":17,"column":8},"end":{"line":17,"column":42}},"11":{"start":{"line":18,"column":11},"end":{"line":20,"column":5}},"12":{"start":{"line":19,"column":8},"end":{"line":19,"column":43}},"13":{"start":{"line":22,"column":4},"end":{"line":22,"column":19}},"14":{"start":{"line":26,"column":4},"end":{"line":38,"column":5}},"15":{"start":{"line":27,"column":8},"end":{"line":31,"column":11}},"16":{"start":{"line":28,"column":27},"end":{"line":28,"column":71}},"17":{"start":{"line":28,"column":59},"end":{"line":28,"column":69}},"18":{"start":{"line":29,"column":27},"end":{"line":29,"column":71}},"19":{"start":{"line":29,"column":59},"end":{"line":29,"column":69}},"20":{"start":{"line":30,"column":12},"end":{"line":30,"column":35}},"21":{"start":{"line":32,"column":11},"end":{"line":38,"column":5}},"22":{"start":{"line":33,"column":8},"end":{"line":37,"column":11}},"23":{"start":{"line":34,"column":27},"end":{"line":34,"column":71}},"24":{"start":{"line":34,"column":59},"end":{"line":34,"column":69}},"25":{"start":{"line":35,"column":27},"end":{"line":35,"column":71}},"26":{"start":{"line":35,"column":59},"end":{"line":35,"column":69}},"27":{"start":{"line":36,"column":12},"end":{"line":36,"column":35}},"28":{"start":{"line":41,"column":0},"end":{"line":41,"column":63}}},"fnMap":{"0":{"name":"buildSortingConditions","decl":{"start":{"line":1,"column":9},"end":{"line":1,"column":31}},"loc":{"start":{"line":1,"column":74},"end":{"line":23,"column":1}},"line":1},"1":{"name":"sortPlanesByPrice","decl":{"start":{"line":25,"column":9},"end":{"line":25,"column":26}},"loc":{"start":{"line":25,"column":55},"end":{"line":39,"column":1}},"line":25},"2":{"name":"(anonymous_2)","decl":{"start":{"line":27,"column":29},"end":{"line":27,"column":30}},"loc":{"start":{"line":27,"column":39},"end":{"line":31,"column":9}},"line":27},"3":{"name":"(anonymous_3)","decl":{"start":{"line":28,"column":51},"end":{"line":28,"column":52}},"loc":{"start":{"line":28,"column":59},"end":{"line":28,"column":69}},"line":28},"4":{"name":"(anonymous_4)","decl":{"start":{"line":29,"column":51},"end":{"line":29,"column":52}},"loc":{"start":{"line":29,"column":59},"end":{"line":29,"column":69}},"line":29},"5":{"name":"(anonymous_5)","decl":{"start":{"line":33,"column":29},"end":{"line":33,"column":30}},"loc":{"start":{"line":33,"column":39},"end":{"line":37,"column":9}},"line":33},"6":{"name":"(anonymous_6)","decl":{"start":{"line":34,"column":51},"end":{"line":34,"column":52}},"loc":{"start":{"line":34,"column":59},"end":{"line":34,"column":69}},"line":34},"7":{"name":"(anonymous_7)","decl":{"start":{"line":35,"column":51},"end":{"line":35,"column":52}},"loc":{"start":{"line":35,"column":59},"end":{"line":35,"column":69}},"line":35}},"branchMap":{"0":{"loc":{"start":{"line":4,"column":4},"end":{"line":8,"column":5}},"type":"if","locations":[{"start":{"line":4,"column":4},"end":{"line":8,"column":5}},{"start":{"line":6,"column":11},"end":{"line":8,"column":5}}],"line":4},"1":{"loc":{"start":{"line":6,"column":11},"end":{"line":8,"column":5}},"type":"if","locations":[{"start":{"line":6,"column":11},"end":{"line":8,"column":5}},{"start":{},"end":{}}],"line":6},"2":{"loc":{"start":{"line":10,"column":4},"end":{"line":14,"column":5}},"type":"if","locations":[{"start":{"line":10,"column":4},"end":{"line":14,"column":5}},{"start":{"line":12,"column":11},"end":{"line":14,"column":5}}],"line":10},"3":{"loc":{"start":{"line":12,"column":11},"end":{"line":14,"column":5}},"type":"if","locations":[{"start":{"line":12,"column":11},"end":{"line":14,"column":5}},{"start":{},"end":{}}],"line":12},"4":{"loc":{"start":{"line":16,"column":4},"end":{"line":20,"column":5}},"type":"if","locations":[{"start":{"line":16,"column":4},"end":{"line":20,"column":5}},{"start":{"line":18,"column":11},"end":{"line":20,"column":5}}],"line":16},"5":{"loc":{"start":{"line":18,"column":11},"end":{"line":20,"column":5}},"type":"if","locations":[{"start":{"line":18,"column":11},"end":{"line":20,"column":5}},{"start":{},"end":{}}],"line":18},"6":{"loc":{"start":{"line":26,"column":4},"end":{"line":38,"column":5}},"type":"if","locations":[{"start":{"line":26,"column":4},"end":{"line":38,"column":5}},{"start":{"line":32,"column":11},"end":{"line":38,"column":5}}],"line":26},"7":{"loc":{"start":{"line":32,"column":11},"end":{"line":38,"column":5}},"type":"if","locations":[{"start":{"line":32,"column":11},"end":{"line":38,"column":5}},{"start":{},"end":{}}],"line":32}},"s":{"0":0,"1":0,"2":0,"3":0,"4":0,"5":0,"6":0,"7":0,"8":0,"9":0,"10":0,"11":0,"12":0,"13":0,"14":0,"15":0,"16":0,"17":0,"18":0,"19":0,"20":0,"21":0,"22":0,"23":0,"24":0,"25":0,"26":0,"27":0,"28":1},"f":{"0":0,"1":0,"2":0,"3":0,"4":0,"5":0,"6":0,"7":0},"b":{"0":[0,0],"1":[0,0],"2":[0,0],"3":[0,0],"4":[0,0],"5":[0,0],"6":[0,0],"7":[0,0]},"_coverageSchema":"1a1c01bbd47fc00a2c39e90264f33305004495a9","hash":"a59e518ec14697e3cc9cf490ff9d5ead4ba0fd65"}
}
