TN:
SF:app.js
FN:57,(anonymous_0)
FN:63,(anonymous_1)
FN:82,(anonymous_2)
FNF:3
FNH:1
FNDA:10,(anonymous_0)
FNDA:0,(anonymous_1)
FNDA:0,(anonymous_2)
DA:1,1
DA:2,1
DA:3,1
DA:4,1
DA:7,0
DA:11,1
DA:12,1
DA:13,1
DA:14,1
DA:15,1
DA:17,1
DA:18,1
DA:21,1
DA:22,1
DA:24,1
DA:25,1
DA:26,1
DA:27,1
DA:28,1
DA:29,1
DA:30,1
DA:31,1
DA:32,1
DA:33,1
DA:35,1
DA:36,1
DA:37,1
DA:38,1
DA:39,1
DA:42,1
DA:57,10
DA:60,1
DA:63,1
DA:64,0
DA:65,0
DA:79,1
DA:81,1
DA:82,0
DA:83,0
DA:87,1
LF:40
LH:35
BRDA:2,0,0,1
BRDA:2,0,1,0
BRDA:3,1,0,1
BRDA:3,1,1,0
BRDA:79,2,0,1
BRDA:79,2,1,1
BRDA:81,3,0,0
BRDA:81,3,1,1
BRF:8
BRH:5
end_of_record
TN:
SF:controllers/airlineController.js
FN:4,(anonymous_0)
FN:31,(anonymous_1)
FN:45,(anonymous_2)
FN:66,(anonymous_3)
FN:90,(anonymous_4)
FNF:5
FNH:0
FNDA:0,(anonymous_0)
FNDA:0,(anonymous_1)
FNDA:0,(anonymous_2)
FNDA:0,(anonymous_3)
FNDA:0,(anonymous_4)
DA:1,1
DA:5,0
DA:6,0
DA:7,0
DA:13,0
DA:15,0
DA:21,0
DA:27,0
DA:32,0
DA:33,0
DA:35,0
DA:41,0
DA:46,0
DA:47,0
DA:48,0
DA:49,0
DA:50,0
DA:56,0
DA:62,0
DA:67,0
DA:68,0
DA:69,0
DA:71,0
DA:72,0
DA:78,0
DA:79,0
DA:81,0
DA:86,0
DA:91,0
DA:92,0
DA:93,0
DA:95,0
DA:96,0
DA:97,0
DA:98,0
DA:104,0
DA:109,0
DA:110,0
DA:112,0
DA:113,0
DA:114,0
DA:117,0
DA:119,0
DA:125,0
DA:130,1
LF:45
LH:2
BRDA:6,0,0,0
BRDA:6,0,1,0
BRDA:6,1,0,0
BRDA:6,1,1,0
BRDA:49,2,0,0
BRDA:49,2,1,0
BRDA:71,3,0,0
BRDA:71,3,1,0
BRDA:97,4,0,0
BRDA:97,4,1,0
BRDA:105,5,0,0
BRDA:105,5,1,0
BRDA:106,6,0,0
BRDA:106,6,1,0
BRDA:109,7,0,0
BRDA:109,7,1,0
BRF:16
BRH:0
end_of_record
TN:
SF:controllers/airportController.js
FN:5,(anonymous_0)
FN:47,(anonymous_1)
FN:61,(anonymous_2)
FN:82,(anonymous_3)
FN:107,(anonymous_4)
FNF:5
FNH:0
FNDA:0,(anonymous_0)
FNDA:0,(anonymous_1)
FNDA:0,(anonymous_2)
FNDA:0,(anonymous_3)
FNDA:0,(anonymous_4)
DA:1,1
DA:2,1
DA:6,0
DA:7,0
DA:8,0
DA:14,0
DA:15,0
DA:21,0
DA:23,0
DA:28,0
DA:37,0
DA:43,0
DA:48,0
DA:49,0
DA:51,0
DA:57,0
DA:62,0
DA:63,0
DA:64,0
DA:65,0
DA:66,0
DA:72,0
DA:78,0
DA:83,0
DA:85,0
DA:86,0
DA:88,0
DA:89,0
DA:95,0
DA:96,0
DA:98,0
DA:103,0
DA:108,0
DA:109,0
DA:110,0
DA:112,0
DA:113,0
DA:115,0
DA:116,0
DA:122,0
DA:128,0
DA:129,0
DA:131,0
DA:132,0
DA:135,0
DA:140,0
DA:141,0
DA:144,0
DA:145,0
DA:151,0
DA:153,0
DA:159,0
DA:164,1
LF:53
LH:3
BRDA:7,0,0,0
BRDA:7,0,1,0
BRDA:7,1,0,0
BRDA:7,1,1,0
BRDA:7,1,2,0
BRDA:14,2,0,0
BRDA:14,2,1,0
BRDA:65,3,0,0
BRDA:65,3,1,0
BRDA:88,4,0,0
BRDA:88,4,1,0
BRDA:115,5,0,0
BRDA:115,5,1,0
BRDA:123,6,0,0
BRDA:123,6,1,0
BRDA:124,7,0,0
BRDA:124,7,1,0
BRDA:125,8,0,0
BRDA:125,8,1,0
BRDA:128,9,0,0
BRDA:128,9,1,0
BRDA:131,10,0,0
BRDA:131,10,1,0
BRDA:144,11,0,0
BRDA:144,11,1,0
BRF:25
BRH:0
end_of_record
TN:
SF:controllers/flightsController.js
FN:6,(anonymous_0)
FN:65,(anonymous_1)
FN:87,(anonymous_2)
FN:88,(anonymous_3)
FNF:4
FNH:0
FNDA:0,(anonymous_0)
FNDA:0,(anonymous_1)
FNDA:0,(anonymous_2)
FNDA:0,(anonymous_3)
DA:1,1
DA:2,1
DA:3,1
DA:7,0
DA:8,0
DA:10,0
DA:11,0
DA:14,0
DA:16,0
DA:21,0
DA:23,0
DA:24,0
DA:25,0
DA:27,0
DA:28,0
DA:45,0
DA:61,0
DA:66,0
DA:67,0
DA:69,0
DA:70,0
DA:73,0
DA:75,0
DA:82,0
DA:87,0
DA:88,0
DA:90,0
DA:91,0
DA:93,0
DA:95,0
DA:96,0
DA:98,0
DA:99,0
DA:117,0
DA:122,0
DA:136,0
DA:143,1
LF:37
LH:4
BRDA:10,0,0,0
BRDA:10,0,1,0
BRDA:10,1,0,0
BRDA:10,1,1,0
BRDA:27,2,0,0
BRDA:27,2,1,0
BRDA:69,3,0,0
BRDA:69,3,1,0
BRDA:69,4,0,0
BRDA:69,4,1,0
BRDA:77,5,0,0
BRDA:77,5,1,0
BRDA:79,6,0,0
BRDA:79,6,1,0
BRDA:87,7,0,0
BRDA:87,7,1,0
BRDA:88,8,0,0
BRDA:88,8,1,0
BRDA:98,9,0,0
BRDA:98,9,1,0
BRDA:98,10,0,0
BRDA:98,10,1,0
BRDA:118,11,0,0
BRDA:118,11,1,0
BRDA:119,12,0,0
BRDA:119,12,1,0
BRF:26
BRH:0
end_of_record
TN:
SF:controllers/forgotPasswordController.js
FN:4,(anonymous_0)
FN:22,(anonymous_1)
FN:44,(anonymous_2)
FNF:3
FNH:0
FNDA:0,(anonymous_0)
FNDA:0,(anonymous_1)
FNDA:0,(anonymous_2)
DA:1,1
DA:5,0
DA:7,0
DA:8,0
DA:14,0
DA:15,0
DA:16,0
DA:18,0
DA:23,0
DA:25,0
DA:26,0
DA:32,0
DA:33,0
DA:34,0
DA:40,0
DA:45,0
DA:47,0
DA:48,0
DA:54,0
DA:55,0
DA:61,0
DA:62,0
DA:63,0
DA:65,0
DA:70,1
LF:25
LH:2
BRDA:7,0,0,0
BRDA:7,0,1,0
BRDA:25,1,0,0
BRDA:25,1,1,0
BRDA:25,2,0,0
BRDA:25,2,1,0
BRDA:47,3,0,0
BRDA:47,3,1,0
BRDA:47,4,0,0
BRDA:47,4,1,0
BRDA:47,4,2,0
BRDA:47,4,3,0
BRDA:54,5,0,0
BRDA:54,5,1,0
BRF:14
BRH:0
end_of_record
TN:
SF:controllers/googleAuthController.js
FN:4,(anonymous_0)
FN:13,(anonymous_1)
FN:45,(anonymous_2)
FNF:3
FNH:0
FNDA:0,(anonymous_0)
FNDA:0,(anonymous_1)
FNDA:0,(anonymous_2)
DA:1,1
DA:5,0
DA:6,0
DA:7,0
DA:9,0
DA:14,0
DA:16,0
DA:17,0
DA:23,0
DA:24,0
DA:25,0
DA:27,0
DA:28,0
DA:35,0
DA:41,0
DA:46,0
DA:48,0
DA:49,0
DA:55,0
DA:56,0
DA:58,0
DA:64,0
DA:69,1
LF:23
LH:2
BRDA:16,0,0,0
BRDA:16,0,1,0
BRDA:27,1,0,0
BRDA:27,1,1,0
BRDA:48,2,0,0
BRDA:48,2,1,0
BRDA:48,3,0,0
BRDA:48,3,1,0
BRDA:48,3,2,0
BRF:9
BRH:0
end_of_record
TN:
SF:controllers/notificationController.js
FN:5,(anonymous_0)
FN:35,(anonymous_1)
FN:54,(anonymous_2)
FN:74,(anonymous_3)
FN:95,(anonymous_4)
FN:117,(anonymous_5)
FNF:6
FNH:0
FNDA:0,(anonymous_0)
FNDA:0,(anonymous_1)
FNDA:0,(anonymous_2)
FNDA:0,(anonymous_3)
FNDA:0,(anonymous_4)
FNDA:0,(anonymous_5)
DA:1,1
DA:2,1
DA:6,0
DA:8,0
DA:9,0
DA:10,0
DA:16,0
DA:18,0
DA:25,0
DA:31,0
DA:36,0
DA:37,0
DA:38,0
DA:39,0
DA:45,0
DA:50,0
DA:55,0
DA:56,0
DA:57,0
DA:58,0
DA:59,0
DA:65,0
DA:70,0
DA:75,0
DA:76,0
DA:77,0
DA:78,0
DA:79,0
DA:85,0
DA:86,0
DA:91,0
DA:96,0
DA:97,0
DA:98,0
DA:99,0
DA:100,0
DA:106,0
DA:107,0
DA:113,0
DA:118,0
DA:119,0
DA:120,0
DA:121,0
DA:122,0
DA:128,0
DA:133,0
DA:138,1
LF:47
LH:3
BRDA:9,0,0,0
BRDA:9,0,1,0
BRDA:9,1,0,0
BRDA:9,1,1,0
BRDA:9,1,2,0
BRDA:38,2,0,0
BRDA:38,2,1,0
BRDA:58,3,0,0
BRDA:58,3,1,0
BRDA:78,4,0,0
BRDA:78,4,1,0
BRDA:99,5,0,0
BRDA:99,5,1,0
BRDA:121,6,0,0
BRDA:121,6,1,0
BRF:15
BRH:0
end_of_record
TN:
SF:controllers/paymentController.js
FN:4,(anonymous_0)
FN:64,(anonymous_1)
FN:106,(anonymous_2)
FNF:3
FNH:0
FNDA:0,(anonymous_0)
FNDA:0,(anonymous_1)
FNDA:0,(anonymous_2)
DA:1,1
DA:5,0
DA:6,0
DA:7,0
DA:8,0
DA:13,0
DA:14,0
DA:20,0
DA:27,0
DA:34,0
DA:36,0
DA:37,0
DA:43,0
DA:44,0
DA:50,0
DA:51,0
DA:57,0
DA:65,0
DA:66,0
DA:68,0
DA:69,0
DA:75,0
DA:77,0
DA:83,0
DA:85,0
DA:86,0
DA:92,0
DA:93,0
DA:99,0
DA:107,0
DA:108,0
DA:110,0
DA:111,0
DA:117,0
DA:119,0
DA:125,0
DA:127,0
DA:128,0
DA:134,0
DA:142,1
LF:40
LH:2
BRDA:7,0,0,0
BRDA:7,0,1,0
BRDA:7,1,0,0
BRDA:7,1,1,0
BRDA:7,1,2,0
BRDA:7,1,3,0
BRDA:13,2,0,0
BRDA:13,2,1,0
BRDA:13,3,0,0
BRDA:13,3,1,0
BRDA:36,4,0,0
BRDA:36,4,1,0
BRDA:43,5,0,0
BRDA:43,5,1,0
BRDA:50,6,0,0
BRDA:50,6,1,0
BRDA:68,7,0,0
BRDA:68,7,1,0
BRDA:85,8,0,0
BRDA:85,8,1,0
BRDA:92,9,0,0
BRDA:92,9,1,0
BRDA:110,10,0,0
BRDA:110,10,1,0
BRDA:127,11,0,0
BRDA:127,11,1,0
BRF:26
BRH:0
end_of_record
TN:
SF:controllers/ticketsController.js
FN:5,(anonymous_0)
FN:19,(anonymous_1)
FN:78,(anonymous_2)
FN:119,(anonymous_3)
FNF:4
FNH:4
FNDA:2,(anonymous_0)
FNDA:1,(anonymous_1)
FNDA:2,(anonymous_2)
FNDA:2,(anonymous_3)
DA:1,1
DA:2,1
DA:4,1
DA:6,2
DA:7,2
DA:9,2
DA:10,0
DA:16,2
DA:19,1
DA:20,1
DA:32,1
DA:34,1
DA:50,1
DA:56,1
DA:58,1
DA:64,1
DA:65,0
DA:71,1
DA:79,2
DA:80,2
DA:81,2
DA:83,2
DA:84,0
DA:90,2
DA:92,1
DA:98,1
DA:100,1
DA:105,1
DA:106,0
DA:112,1
DA:120,2
DA:121,2
DA:123,2
DA:124,0
DA:130,2
DA:132,1
DA:137,1
DA:139,1
DA:144,1
DA:145,0
DA:151,1
DA:159,1
LF:42
LH:36
BRDA:9,0,0,0
BRDA:9,0,1,2
BRDA:64,1,0,0
BRDA:64,1,1,1
BRDA:83,2,0,0
BRDA:83,2,1,2
BRDA:105,3,0,0
BRDA:105,3,1,1
BRDA:123,4,0,0
BRDA:123,4,1,2
BRDA:144,5,0,0
BRDA:144,5,1,1
BRF:12
BRH:6
end_of_record
TN:
SF:controllers/transactionsController.js
FN:4,(anonymous_0)
FN:32,(anonymous_1)
FN:136,(anonymous_2)
FN:168,(anonymous_3)
FNF:4
FNH:0
FNDA:0,(anonymous_0)
FNDA:0,(anonymous_1)
FNDA:0,(anonymous_2)
FNDA:0,(anonymous_3)
DA:1,1
DA:3,1
DA:5,0
DA:6,0
DA:8,0
DA:10,0
DA:16,0
DA:18,0
DA:19,0
DA:25,0
DA:33,0
DA:42,0
DA:44,0
DA:45,0
DA:53,0
DA:54,0
DA:61,0
DA:71,0
DA:78,0
DA:80,0
DA:81,0
DA:87,0
DA:88,0
DA:94,0
DA:95,0
DA:101,0
DA:102,0
DA:108,0
DA:109,0
DA:115,0
DA:116,0
DA:122,0
DA:123,0
DA:129,0
DA:137,0
DA:138,0
DA:139,0
DA:141,0
DA:146,0
DA:152,0
DA:154,0
DA:155,0
DA:161,0
DA:169,0
DA:170,0
DA:172,0
DA:174,0
DA:179,0
DA:181,0
DA:182,0
DA:188,0
DA:196,1
LF:52
LH:3
BRDA:18,0,0,0
BRDA:18,0,1,0
BRDA:44,1,0,0
BRDA:44,1,1,0
BRDA:44,2,0,0
BRDA:44,2,1,0
BRDA:44,2,2,0
BRDA:53,3,0,0
BRDA:53,3,1,0
BRDA:72,4,0,0
BRDA:72,4,1,0
BRDA:80,5,0,0
BRDA:80,5,1,0
BRDA:87,6,0,0
BRDA:87,6,1,0
BRDA:94,7,0,0
BRDA:94,7,1,0
BRDA:101,8,0,0
BRDA:101,8,1,0
BRDA:108,9,0,0
BRDA:108,9,1,0
BRDA:115,10,0,0
BRDA:115,10,1,0
BRDA:122,11,0,0
BRDA:122,11,1,0
BRDA:154,12,0,0
BRDA:154,12,1,0
BRDA:181,13,0,0
BRDA:181,13,1,0
BRF:29
BRH:0
end_of_record
TN:
SF:controllers/userController.js
FN:60,(anonymous_0)
FN:74,(anonymous_1)
FN:125,(anonymous_2)
FN:178,(anonymous_3)
FN:227,(anonymous_4)
FN:257,(anonymous_5)
FN:319,(anonymous_6)
FN:351,(anonymous_7)
FNF:8
FNH:0
FNDA:0,(anonymous_0)
FNDA:0,(anonymous_1)
FNDA:0,(anonymous_2)
FNDA:0,(anonymous_3)
FNDA:0,(anonymous_4)
FNDA:0,(anonymous_5)
FNDA:0,(anonymous_6)
FNDA:0,(anonymous_7)
DA:1,1
DA:2,1
DA:3,1
DA:4,1
DA:5,1
DA:6,1
DA:8,1
DA:10,1
DA:11,1
DA:13,1
DA:18,1
DA:40,1
DA:61,0
DA:62,0
DA:63,0
DA:65,0
DA:67,0
DA:70,0
DA:75,0
DA:76,0
DA:77,0
DA:83,0
DA:84,0
DA:86,0
DA:87,0
DA:93,0
DA:94,0
DA:95,0
DA:101,0
DA:102,0
DA:104,0
DA:106,0
DA:111,0
DA:113,0
DA:121,0
DA:126,0
DA:127,0
DA:128,0
DA:129,0
DA:136,0
DA:137,0
DA:139,0
DA:140,0
DA:146,0
DA:148,0
DA:162,0
DA:164,0
DA:166,0
DA:173,0
DA:174,0
DA:179,0
DA:180,0
DA:181,0
DA:187,0
DA:188,0
DA:190,0
DA:191,0
DA:197,0
DA:199,0
DA:201,0
DA:202,0
DA:208,0
DA:214,0
DA:216,0
DA:222,0
DA:223,0
DA:228,0
DA:229,0
DA:230,0
DA:231,0
DA:236,0
DA:238,0
DA:239,0
DA:246,0
DA:253,0
DA:254,0
DA:258,0
DA:259,0
DA:260,0
DA:261,0
DA:266,0
DA:267,0
DA:268,0
DA:275,0
DA:276,0
DA:277,0
DA:282,0
DA:285,0
DA:286,0
DA:287,0
DA:288,0
DA:289,0
DA:296,0
DA:306,0
DA:308,0
DA:315,0
DA:316,0
DA:320,0
DA:321,0
DA:322,0
DA:323,0
DA:329,0
DA:330,0
DA:331,0
DA:337,0
DA:339,0
DA:346,0
DA:347,0
DA:352,0
DA:353,0
DA:354,0
DA:360,0
DA:361,0
DA:362,0
DA:364,0
DA:365,0
DA:372,0
DA:373,0
DA:374,0
DA:380,0
DA:381,0
DA:386,0
DA:389,0
DA:395,0
DA:404,0
DA:405,0
DA:410,1
LF:127
LH:13
BRDA:76,0,0,0
BRDA:76,0,1,0
BRDA:86,1,0,0
BRDA:86,1,1,0
BRDA:94,2,0,0
BRDA:94,2,1,0
BRDA:128,3,0,0
BRDA:128,3,1,0
BRDA:139,4,0,0
BRDA:139,4,1,0
BRDA:180,5,0,0
BRDA:180,5,1,0
BRDA:180,6,0,0
BRDA:180,6,1,0
BRDA:190,7,0,0
BRDA:190,7,1,0
BRDA:199,8,0,0
BRDA:199,8,1,0
BRDA:201,9,0,0
BRDA:201,9,1,0
BRDA:230,10,0,0
BRDA:230,10,1,0
BRDA:238,11,0,0
BRDA:238,11,1,0
BRDA:260,12,0,0
BRDA:260,12,1,0
BRDA:267,13,0,0
BRDA:267,13,1,0
BRDA:276,14,0,0
BRDA:276,14,1,0
BRDA:282,15,0,0
BRDA:282,15,1,0
BRDA:286,16,0,0
BRDA:286,16,1,0
BRDA:288,17,0,0
BRDA:288,17,1,0
BRDA:297,18,0,0
BRDA:297,18,1,0
BRDA:298,19,0,0
BRDA:298,19,1,0
BRDA:300,20,0,0
BRDA:300,20,1,0
BRDA:301,21,0,0
BRDA:301,21,1,0
BRDA:302,22,0,0
BRDA:302,22,1,0
BRDA:322,23,0,0
BRDA:322,23,1,0
BRDA:330,24,0,0
BRDA:330,24,1,0
BRDA:353,25,0,0
BRDA:353,25,1,0
BRDA:364,26,0,0
BRDA:364,26,1,0
BRDA:373,27,0,0
BRDA:373,27,1,0
BRDA:380,28,0,0
BRDA:380,28,1,0
BRF:58
BRH:0
end_of_record
TN:
SF:libs/imagekit.js
FNF:0
FNH:0
DA:1,1
DA:7,1
DA:14,1
LF:3
LH:3
BRF:0
BRH:0
end_of_record
TN:
SF:libs/mailer.js
FN:12,(anonymous_0)
FN:96,(anonymous_1)
FN:182,(anonymous_2)
FN:201,(anonymous_3)
FNF:4
FNH:0
FNDA:0,(anonymous_0)
FNDA:0,(anonymous_1)
FNDA:0,(anonymous_2)
FNDA:0,(anonymous_3)
DA:1,1
DA:4,1
DA:13,0
DA:83,0
DA:84,0
DA:91,0
DA:92,0
DA:97,0
DA:167,0
DA:168,0
DA:175,0
DA:176,0
DA:183,0
DA:188,0
DA:189,0
DA:196,0
DA:197,0
DA:202,0
DA:207,0
DA:208,0
DA:215,0
DA:216,0
DA:221,1
LF:23
LH:3
BRF:0
BRH:0
end_of_record
TN:
SF:libs/multerUpload.js
FN:7,(anonymous_0)
FN:17,(anonymous_1)
FNF:2
FNH:0
FNDA:0,(anonymous_0)
FNDA:0,(anonymous_1)
DA:1,1
DA:3,1
DA:5,1
DA:8,0
DA:9,0
DA:10,0
DA:12,0
DA:13,0
DA:18,0
DA:22,1
LF:10
LH:4
BRDA:9,0,0,0
BRDA:9,0,1,0
BRF:2
BRH:0
end_of_record
TN:
SF:middlewares/errorHandler.js
FN:1,errorHandler
FNF:1
FNH:0
FNDA:0,errorHandler
DA:2,0
DA:3,0
DA:10,1
LF:3
LH:1
BRF:0
BRH:0
end_of_record
TN:
SF:middlewares/restrictJwt.js
FN:10,(anonymous_0)
FN:22,(anonymous_1)
FN:23,(anonymous_2)
FNF:3
FNH:3
FNDA:6,(anonymous_0)
FNDA:6,(anonymous_1)
FNDA:6,(anonymous_2)
DA:1,1
DA:2,1
DA:3,1
DA:5,1
DA:7,1
DA:11,6
DA:12,6
DA:13,0
DA:19,6
DA:21,6
DA:22,6
DA:23,6
DA:24,6
DA:25,0
DA:27,6
DA:32,6
DA:34,6
DA:35,0
DA:41,6
DA:42,6
DA:44,0
DA:53,1
LF:22
LH:18
BRDA:12,0,0,0
BRDA:12,0,1,6
BRDA:12,1,0,6
BRDA:12,1,1,6
BRDA:24,2,0,0
BRDA:24,2,1,6
BRDA:34,3,0,0
BRDA:34,3,1,6
BRF:8
BRH:5
end_of_record
TN:
SF:middlewares/restrictJwtAdmin.js
FN:10,(anonymous_0)
FN:22,(anonymous_1)
FN:23,(anonymous_2)
FNF:3
FNH:0
FNDA:0,(anonymous_0)
FNDA:0,(anonymous_1)
FNDA:0,(anonymous_2)
DA:1,1
DA:2,1
DA:3,1
DA:5,1
DA:7,1
DA:11,0
DA:12,0
DA:13,0
DA:19,0
DA:21,0
DA:22,0
DA:23,0
DA:24,0
DA:25,0
DA:27,0
DA:32,0
DA:34,0
DA:35,0
DA:41,0
DA:42,0
DA:48,0
DA:49,0
DA:51,0
DA:52,0
DA:61,1
LF:25
LH:6
BRDA:12,0,0,0
BRDA:12,0,1,0
BRDA:12,1,0,0
BRDA:12,1,1,0
BRDA:24,2,0,0
BRDA:24,2,1,0
BRDA:34,3,0,0
BRDA:34,3,1,0
BRDA:41,4,0,0
BRDA:41,4,1,0
BRDA:41,5,0,0
BRDA:41,5,1,0
BRF:12
BRH:0
end_of_record
TN:
SF:routes/airlineRoutes.js
FNF:0
FNH:0
DA:1,1
DA:2,1
DA:3,1
DA:4,1
DA:5,1
DA:7,1
DA:8,1
DA:10,1
DA:12,1
DA:13,1
DA:14,1
DA:16,1
DA:18,1
LF:13
LH:13
BRF:0
BRH:0
end_of_record
TN:
SF:routes/airportRoutes.js
FNF:0
FNH:0
DA:1,1
DA:2,1
DA:3,1
DA:4,1
DA:5,1
DA:7,1
DA:8,1
DA:10,1
DA:12,1
DA:13,1
DA:14,1
DA:16,1
DA:18,1
LF:13
LH:13
BRF:0
BRH:0
end_of_record
TN:
SF:routes/flightsRoutes.js
FNF:0
FNH:0
DA:1,1
DA:2,1
DA:3,1
DA:6,1
DA:9,1
DA:11,1
LF:6
LH:6
BRF:0
BRH:0
end_of_record
TN:
SF:routes/forgotPasswordRoutes.js
FNF:0
FNH:0
DA:1,1
DA:2,1
DA:3,1
DA:5,1
DA:6,1
DA:7,1
DA:9,1
LF:7
LH:7
BRF:0
BRH:0
end_of_record
TN:
SF:routes/googleAuthRoutes.js
FNF:0
FNH:0
DA:1,1
DA:2,1
DA:4,1
DA:6,1
DA:7,1
DA:8,1
DA:10,1
LF:7
LH:7
BRF:0
BRH:0
end_of_record
TN:
SF:routes/notificationRoutes.js
FN:19,(anonymous_0)
FNF:1
FNH:0
FNDA:0,(anonymous_0)
DA:1,1
DA:2,1
DA:3,1
DA:5,1
DA:6,1
DA:8,1
DA:10,1
DA:11,1
DA:12,1
DA:14,1
DA:16,1
DA:19,1
DA:20,1
DA:21,1
DA:23,1
DA:25,1
LF:16
LH:16
BRF:0
BRH:0
end_of_record
TN:
SF:routes/paymentRoutes.js
FNF:0
FNH:0
DA:1,1
DA:2,1
DA:3,1
DA:4,1
DA:6,1
DA:8,1
DA:9,1
DA:10,1
DA:12,1
DA:14,1
LF:10
LH:10
BRF:0
BRH:0
end_of_record
TN:
SF:routes/ticketsRoutes.js
FNF:0
FNH:0
DA:1,1
DA:2,1
DA:3,1
DA:5,1
DA:7,1
DA:9,1
DA:10,1
DA:11,1
DA:13,1
DA:15,1
LF:10
LH:10
BRF:0
BRH:0
end_of_record
TN:
SF:routes/transactionsRoutes.js
FNF:0
FNH:0
DA:1,1
DA:2,1
DA:3,1
DA:5,1
DA:6,1
DA:8,1
DA:10,1
DA:11,1
DA:13,1
DA:15,1
DA:17,1
DA:18,1
DA:20,1
DA:22,1
LF:14
LH:14
BRF:0
BRH:0
end_of_record
TN:
SF:routes/userRoutes.js
FNF:0
FNH:0
DA:1,1
DA:2,1
DA:3,1
DA:4,1
DA:5,1
DA:8,1
DA:9,1
DA:10,1
DA:11,1
DA:13,1
DA:15,1
DA:16,1
DA:17,1
DA:19,1
DA:21,1
LF:15
LH:15
BRF:0
BRH:0
end_of_record
TN:
SF:services/airlineService.js
FN:6,(anonymous_0)
FN:15,(anonymous_1)
FN:19,(anonymous_2)
FN:30,(anonymous_3)
FN:36,(anonymous_4)
FN:42,(anonymous_5)
FN:49,(anonymous_6)
FNF:7
FNH:0
FNDA:0,(anonymous_0)
FNDA:0,(anonymous_1)
FNDA:0,(anonymous_2)
FNDA:0,(anonymous_3)
FNDA:0,(anonymous_4)
FNDA:0,(anonymous_5)
FNDA:0,(anonymous_6)
DA:1,1
DA:2,1
DA:3,1
DA:7,0
DA:8,0
DA:12,0
DA:16,0
DA:20,0
DA:31,0
DA:37,0
DA:43,0
DA:50,0
DA:54,1
LF:13
LH:4
BRF:0
BRH:0
end_of_record
TN:
SF:services/airportService.js
FN:4,(anonymous_0)
FN:10,(anonymous_1)
FN:22,(anonymous_2)
FN:28,(anonymous_3)
FN:34,(anonymous_4)
FNF:5
FNH:0
FNDA:0,(anonymous_0)
FNDA:0,(anonymous_1)
FNDA:0,(anonymous_2)
FNDA:0,(anonymous_3)
FNDA:0,(anonymous_4)
DA:1,1
DA:2,1
DA:4,1
DA:5,0
DA:10,1
DA:11,0
DA:22,1
DA:23,0
DA:28,1
DA:29,0
DA:34,1
DA:35,0
DA:41,1
LF:13
LH:8
BRF:0
BRH:0
end_of_record
TN:
SF:services/flightService.js
FN:8,fetchFlights
FN:34,(anonymous_1)
FN:37,(anonymous_2)
FN:44,(anonymous_3)
FN:46,(anonymous_4)
FN:51,(anonymous_5)
FN:62,countFlights
FN:109,getPlanesWithSeats
FN:136,getContinentData
FN:148,getTopAirportsByContinent
FN:155,(anonymous_10)
FNF:11
FNH:0
FNDA:0,fetchFlights
FNDA:0,(anonymous_1)
FNDA:0,(anonymous_2)
FNDA:0,(anonymous_3)
FNDA:0,(anonymous_4)
FNDA:0,(anonymous_5)
FNDA:0,countFlights
FNDA:0,getPlanesWithSeats
FNDA:0,getContinentData
FNDA:0,getTopAirportsByContinent
FNDA:0,(anonymous_10)
DA:1,1
DA:2,1
DA:3,1
DA:4,1
DA:6,1
DA:26,0
DA:27,0
DA:28,0
DA:30,0
DA:32,0
DA:34,0
DA:35,0
DA:36,0
DA:37,0
DA:42,0
DA:44,0
DA:47,0
DA:51,0
DA:55,0
DA:56,0
DA:59,0
DA:74,0
DA:75,0
DA:76,0
DA:78,0
DA:79,0
DA:80,0
DA:81,0
DA:83,0
DA:86,0
DA:87,0
DA:97,0
DA:98,0
DA:102,0
DA:104,0
DA:105,0
DA:110,0
DA:111,0
DA:113,0
DA:131,0
DA:132,0
DA:137,0
DA:138,0
DA:143,0
DA:144,0
DA:149,0
DA:150,0
DA:155,0
DA:157,0
DA:158,0
DA:162,1
LF:51
LH:6
BRDA:35,0,0,0
BRDA:35,0,1,0
BRDA:36,1,0,0
BRDA:36,1,1,0
BRDA:42,2,0,0
BRDA:42,2,1,0
BRDA:42,3,0,0
BRDA:42,3,1,0
BRDA:46,4,0,0
BRDA:46,4,1,0
BRDA:47,5,0,0
BRDA:47,5,1,0
BRDA:47,6,0,0
BRDA:47,6,1,0
BRDA:48,7,0,0
BRDA:48,7,1,0
BRDA:55,8,0,0
BRDA:55,8,1,0
BRDA:55,9,0,0
BRDA:55,9,1,0
BRDA:78,10,0,0
BRDA:78,10,1,0
BRDA:80,11,0,0
BRDA:80,11,1,0
BRDA:86,12,0,0
BRDA:86,12,1,0
BRDA:86,13,0,0
BRDA:86,13,1,0
BRDA:90,14,0,0
BRDA:90,14,1,0
BRDA:91,15,0,0
BRDA:91,15,1,0
BRDA:111,16,0,0
BRDA:111,16,1,0
BRDA:128,17,0,0
BRDA:128,17,1,0
BRF:36
BRH:0
end_of_record
TN:
SF:services/forgotPasswordService.js
FN:12,(anonymous_0)
FN:32,(anonymous_1)
FN:56,(anonymous_2)
FNF:3
FNH:0
FNDA:0,(anonymous_0)
FNDA:0,(anonymous_1)
FNDA:0,(anonymous_2)
DA:1,1
DA:2,1
DA:3,1
DA:4,1
DA:5,1
DA:6,1
DA:7,1
DA:9,1
DA:13,0
DA:15,0
DA:16,0
DA:19,0
DA:20,0
DA:22,0
DA:27,0
DA:28,0
DA:29,0
DA:33,0
DA:35,0
DA:36,0
DA:39,0
DA:40,0
DA:42,0
DA:43,0
DA:46,0
DA:48,0
DA:53,0
DA:57,0
DA:59,0
DA:60,0
DA:63,0
DA:65,0
DA:66,0
DA:69,0
DA:71,0
DA:76,0
DA:80,1
LF:37
LH:9
BRDA:15,0,0,0
BRDA:15,0,1,0
BRDA:35,1,0,0
BRDA:35,1,1,0
BRDA:40,2,0,0
BRDA:40,2,1,0
BRDA:42,3,0,0
BRDA:42,3,1,0
BRDA:59,4,0,0
BRDA:59,4,1,0
BRDA:65,5,0,0
BRDA:65,5,1,0
BRF:12
BRH:0
end_of_record
TN:
SF:services/googleAuthService.js
FN:15,getGoogleUserProfile
FN:36,handleGoogleUser
FN:69,setPassword
FN:95,generateAuthUrl
FNF:4
FNH:0
FNDA:0,getGoogleUserProfile
FNDA:0,handleGoogleUser
FNDA:0,setPassword
FNDA:0,generateAuthUrl
DA:1,1
DA:2,1
DA:3,1
DA:4,1
DA:5,1
DA:6,1
DA:7,1
DA:9,1
DA:16,0
DA:17,0
DA:20,0
DA:21,0
DA:22,0
DA:24,0
DA:29,0
DA:30,0
DA:32,0
DA:37,0
DA:41,0
DA:42,0
DA:56,0
DA:57,0
DA:60,0
DA:61,0
DA:62,0
DA:65,0
DA:66,0
DA:70,0
DA:72,0
DA:73,0
DA:76,0
DA:80,0
DA:81,0
DA:84,0
DA:86,0
DA:91,0
DA:92,0
DA:96,0
DA:102,1
LF:39
LH:9
BRDA:16,0,0,0
BRDA:16,0,1,0
BRDA:41,1,0,0
BRDA:41,1,1,0
BRDA:60,2,0,0
BRDA:60,2,1,0
BRDA:72,3,0,0
BRDA:72,3,1,0
BRDA:80,4,0,0
BRDA:80,4,1,0
BRF:10
BRH:0
end_of_record
TN:
SF:services/notificationService.js
FN:4,createNotification
FN:10,getAllNotifications
FN:16,getNotificationById
FN:22,deleteNotification
FN:28,markNotificationAsRead
FN:35,getNotificationByUserId
FNF:6
FNH:0
FNDA:0,createNotification
FNDA:0,getAllNotifications
FNDA:0,getNotificationById
FNDA:0,deleteNotification
FNDA:0,markNotificationAsRead
FNDA:0,getNotificationByUserId
DA:1,1
DA:2,1
DA:5,0
DA:11,0
DA:17,0
DA:23,0
DA:29,0
DA:36,0
DA:41,1
LF:9
LH:3
BRF:0
BRH:0
end_of_record
TN:
SF:services/paymentService.js
FN:28,formatDate
FN:29,(anonymous_1)
FN:41,createPayment
FN:94,(anonymous_3)
FN:109,(anonymous_4)
FN:152,cancelPayment
FN:174,(anonymous_6)
FN:216,getPaymentStatus
FN:277,(anonymous_8)
FNF:9
FNH:0
FNDA:0,formatDate
FNDA:0,(anonymous_1)
FNDA:0,createPayment
FNDA:0,(anonymous_3)
FNDA:0,(anonymous_4)
FNDA:0,cancelPayment
FNDA:0,(anonymous_6)
FNDA:0,getPaymentStatus
FNDA:0,(anonymous_8)
DA:1,1
DA:2,1
DA:3,1
DA:5,1
DA:11,1
DA:19,1
DA:26,1
DA:29,0
DA:30,0
DA:31,0
DA:32,0
DA:33,0
DA:34,0
DA:35,0
DA:36,0
DA:38,0
DA:42,0
DA:43,0
DA:52,0
DA:53,0
DA:55,0
DA:65,0
DA:66,0
DA:69,0
DA:73,0
DA:74,0
DA:77,0
DA:78,0
DA:81,0
DA:83,0
DA:94,0
DA:107,0
DA:109,0
DA:110,0
DA:123,0
DA:128,0
DA:138,0
DA:141,0
DA:147,0
DA:148,0
DA:153,0
DA:154,0
DA:162,0
DA:163,0
DA:166,0
DA:167,0
DA:170,0
DA:174,0
DA:175,0
DA:176,0
DA:180,0
DA:184,0
DA:185,0
DA:191,0
DA:192,0
DA:203,0
DA:209,0
DA:211,0
DA:212,0
DA:217,0
DA:218,0
DA:222,0
DA:223,0
DA:226,0
DA:230,0
DA:231,0
DA:234,0
DA:235,0
DA:236,0
DA:237,0
DA:238,0
DA:240,0
DA:242,0
DA:243,0
DA:244,0
DA:245,0
DA:246,0
DA:249,0
DA:250,0
DA:251,0
DA:252,0
DA:253,0
DA:255,0
DA:257,0
DA:258,0
DA:259,0
DA:260,0
DA:261,0
DA:263,0
DA:264,0
DA:265,0
DA:266,0
DA:267,0
DA:270,0
DA:271,0
DA:272,0
DA:273,0
DA:274,0
DA:276,0
DA:277,0
DA:278,0
DA:285,0
DA:289,0
DA:290,0
DA:291,0
DA:292,0
DA:293,0
DA:294,0
DA:295,0
DA:296,0
DA:299,0
DA:304,0
DA:305,0
DA:318,0
DA:326,0
DA:327,0
DA:331,1
LF:117
LH:8
BRDA:29,0,0,0
BRDA:29,0,1,0
BRDA:52,1,0,0
BRDA:52,1,1,0
BRDA:65,2,0,0
BRDA:65,2,1,0
BRDA:73,3,0,0
BRDA:73,3,1,0
BRDA:77,4,0,0
BRDA:77,4,1,0
BRDA:162,5,0,0
BRDA:162,5,1,0
BRDA:166,6,0,0
BRDA:166,6,1,0
BRDA:184,7,0,0
BRDA:184,7,1,0
BRDA:191,8,0,0
BRDA:191,8,1,0
BRDA:222,9,0,0
BRDA:222,9,1,0
BRDA:230,10,0,0
BRDA:230,10,1,0
BRDA:240,11,0,0
BRDA:240,11,1,0
BRDA:240,11,2,0
BRDA:240,11,3,0
BRDA:240,11,4,0
BRDA:240,11,5,0
BRDA:240,11,6,0
BRDA:249,12,0,0
BRDA:249,12,1,0
BRDA:276,13,0,0
BRDA:276,13,1,0
BRDA:282,14,0,0
BRDA:282,14,1,0
BRDA:289,15,0,0
BRDA:289,15,1,0
BRDA:291,16,0,0
BRDA:291,16,1,0
BRDA:293,17,0,0
BRDA:293,17,1,0
BRDA:295,18,0,0
BRDA:295,18,1,0
BRDA:304,19,0,0
BRDA:304,19,1,0
BRF:45
BRH:0
end_of_record
TN:
SF:services/ticketsService.js
FN:4,createTickets
FN:45,updateTicket
FN:94,deleteTicket
FNF:3
FNH:3
FNDA:2,createTickets
FNDA:2,updateTicket
FNDA:2,deleteTicket
DA:1,1
DA:2,1
DA:5,2
DA:6,2
DA:37,1
DA:41,1
DA:46,2
DA:47,2
DA:69,1
DA:87,1
DA:89,1
DA:90,1
DA:95,2
DA:96,2
DA:107,1
DA:113,1
DA:117,1
DA:121,1
LF:18
LH:18
BRF:0
BRH:0
end_of_record
TN:
SF:services/transactionsService.js
FN:26,checkMidtransStatus
FN:44,updateTransactionStatus
FN:122,getTransactionsByUserId
FN:132,(anonymous_3)
FN:157,(anonymous_4)
FN:172,createTransaction
FN:181,(anonymous_6)
FN:199,createRoundTripTransaction
FN:254,(anonymous_8)
FN:297,createSingleTransaction
FN:306,(anonymous_10)
FN:323,(anonymous_11)
FN:327,(anonymous_12)
FN:335,(anonymous_13)
FN:357,(anonymous_14)
FN:377,(anonymous_15)
FN:420,updateTransaction
FN:453,deleteTransaction
FNF:18
FNH:0
FNDA:0,checkMidtransStatus
FNDA:0,updateTransactionStatus
FNDA:0,getTransactionsByUserId
FNDA:0,(anonymous_3)
FNDA:0,(anonymous_4)
FNDA:0,createTransaction
FNDA:0,(anonymous_6)
FNDA:0,createRoundTripTransaction
FNDA:0,(anonymous_8)
FNDA:0,createSingleTransaction
FNDA:0,(anonymous_10)
FNDA:0,(anonymous_11)
FNDA:0,(anonymous_12)
FNDA:0,(anonymous_13)
FNDA:0,(anonymous_14)
FNDA:0,(anonymous_15)
FNDA:0,updateTransaction
FNDA:0,deleteTransaction
DA:1,1
DA:2,1
DA:3,1
DA:5,1
DA:11,1
DA:19,1
DA:27,0
DA:28,0
DA:29,0
DA:31,0
DA:32,0
DA:35,0
DA:36,0
DA:40,0
DA:45,0
DA:46,0
DA:47,0
DA:49,0
DA:51,0
DA:52,0
DA:53,0
DA:54,0
DA:56,0
DA:59,0
DA:60,0
DA:61,0
DA:62,0
DA:63,0
DA:65,0
DA:66,0
DA:67,0
DA:68,0
DA:69,0
DA:71,0
DA:72,0
DA:73,0
DA:74,0
DA:75,0
DA:78,0
DA:79,0
DA:80,0
DA:81,0
DA:82,0
DA:85,0
DA:86,0
DA:94,0
DA:102,0
DA:112,0
DA:115,0
DA:117,0
DA:118,0
DA:123,0
DA:124,0
DA:128,0
DA:129,0
DA:132,0
DA:133,0
DA:156,0
DA:158,0
DA:162,0
DA:165,0
DA:167,0
DA:168,0
DA:173,0
DA:174,0
DA:175,0
DA:176,0
DA:177,0
DA:178,0
DA:179,0
DA:181,0
DA:182,0
DA:194,0
DA:195,0
DA:207,0
DA:208,0
DA:209,0
DA:210,0
DA:211,0
DA:213,0
DA:214,0
DA:215,0
DA:217,0
DA:221,0
DA:222,0
DA:225,0
DA:242,0
DA:243,0
DA:246,0
DA:247,0
DA:250,0
DA:251,0
DA:254,0
DA:255,0
DA:264,0
DA:273,0
DA:283,0
DA:292,0
DA:293,0
DA:305,0
DA:307,0
DA:311,0
DA:312,0
DA:315,0
DA:316,0
DA:319,0
DA:323,0
DA:324,0
DA:325,0
DA:326,0
DA:328,0
DA:334,0
DA:336,0
DA:339,0
DA:340,0
DA:343,0
DA:356,0
DA:358,0
DA:376,0
DA:378,0
DA:389,0
DA:399,0
DA:421,0
DA:422,0
DA:443,0
DA:445,0
DA:446,0
DA:447,0
DA:449,0
DA:454,0
DA:455,0
DA:459,0
DA:460,0
DA:461,0
DA:463,0
DA:467,1
LF:136
LH:7
BRDA:31,0,0,0
BRDA:31,0,1,0
BRDA:35,1,0,0
BRDA:35,1,1,0
BRDA:46,2,0,0
BRDA:46,2,1,0
BRDA:46,3,0,0
BRDA:46,3,1,0
BRDA:49,4,0,0
BRDA:49,4,1,0
BRDA:56,5,0,0
BRDA:56,5,1,0
BRDA:56,5,2,0
BRDA:56,5,3,0
BRDA:56,5,4,0
BRDA:56,5,5,0
BRDA:85,6,0,0
BRDA:85,6,1,0
BRDA:128,7,0,0
BRDA:128,7,1,0
BRDA:174,8,0,0
BRDA:174,8,1,0
BRDA:175,9,0,0
BRDA:175,9,1,0
BRDA:175,10,0,0
BRDA:175,10,1,0
BRDA:177,11,0,0
BRDA:177,11,1,0
BRDA:177,12,0,0
BRDA:177,12,1,0
BRDA:179,13,0,0
BRDA:179,13,1,0
BRDA:208,14,0,0
BRDA:208,14,1,0
BRDA:209,15,0,0
BRDA:209,15,1,0
BRDA:209,16,0,0
BRDA:209,16,1,0
BRDA:211,17,0,0
BRDA:211,17,1,0
BRDA:211,18,0,0
BRDA:211,18,1,0
BRDA:211,18,2,0
BRDA:211,18,3,0
BRDA:214,19,0,0
BRDA:214,19,1,0
BRDA:214,20,0,0
BRDA:214,20,1,0
BRDA:221,21,0,0
BRDA:221,21,1,0
BRDA:242,22,0,0
BRDA:242,22,1,0
BRDA:242,23,0,0
BRDA:242,23,1,0
BRDA:246,24,0,0
BRDA:246,24,1,0
BRDA:250,25,0,0
BRDA:250,25,1,0
BRDA:311,26,0,0
BRDA:311,26,1,0
BRDA:315,27,0,0
BRDA:315,27,1,0
BRDA:336,28,0,0
BRDA:336,28,1,0
BRDA:339,29,0,0
BRDA:339,29,1,0
BRDA:362,30,0,0
BRDA:362,30,1,0
BRDA:364,31,0,0
BRDA:364,31,1,0
BRDA:365,32,0,0
BRDA:365,32,1,0
BRDA:366,33,0,0
BRDA:366,33,1,0
BRDA:369,34,0,0
BRDA:369,34,1,0
BRDA:446,35,0,0
BRDA:446,35,1,0
BRDA:460,36,0,0
BRDA:460,36,1,0
BRF:80
BRH:0
end_of_record
TN:
SF:services/userService.js
FN:4,createUser
FN:12,getUserByEmail
FN:22,getUserById
FN:32,updateUserByEmail
FN:41,updateUserById
FN:50,deleteUserById
FN:70,checkOtherEmail
FNF:7
FNH:1
FNDA:0,createUser
FNDA:0,getUserByEmail
FNDA:6,getUserById
FNDA:0,updateUserByEmail
FNDA:0,updateUserById
FNDA:0,deleteUserById
FNDA:0,checkOtherEmail
DA:1,1
DA:2,1
DA:5,0
DA:9,0
DA:13,0
DA:19,0
DA:23,6
DA:29,6
DA:33,0
DA:38,0
DA:42,0
DA:47,0
DA:51,0
DA:56,0
DA:61,0
DA:67,0
DA:71,0
DA:74,0
DA:75,0
DA:76,0
DA:79,0
DA:83,1
LF:22
LH:5
BRDA:75,0,0,0
BRDA:75,0,1,0
BRF:2
BRH:0
end_of_record
TN:
SF:utils/filterBuilder.js
FN:1,buildFilterConditions
FN:14,(anonymous_1)
FNF:2
FNH:0
FNDA:0,buildFilterConditions
FNDA:0,(anonymous_1)
DA:7,0
DA:13,0
DA:15,0
DA:19,0
DA:25,0
DA:26,0
DA:28,0
DA:31,1
LF:8
LH:1
BRDA:13,0,0,0
BRDA:13,0,1,0
BRDA:15,1,0,0
BRDA:15,1,1,0
BRDA:21,2,0,0
BRDA:21,2,1,0
BRDA:25,3,0,0
BRDA:25,3,1,0
BRDA:26,4,0,0
BRDA:26,4,1,0
BRF:10
BRH:0
end_of_record
TN:
SF:utils/flightFormatter.js
FN:3,formatFlights
FN:4,(anonymous_1)
FN:6,(anonymous_2)
FN:6,(anonymous_3)
FN:8,(anonymous_4)
FN:8,(anonymous_5)
FN:12,(anonymous_6)
FN:18,(anonymous_7)
FN:19,(anonymous_8)
FNF:9
FNH:0
FNDA:0,formatFlights
FNDA:0,(anonymous_1)
FNDA:0,(anonymous_2)
FNDA:0,(anonymous_3)
FNDA:0,(anonymous_4)
FNDA:0,(anonymous_5)
FNDA:0,(anonymous_6)
FNDA:0,(anonymous_7)
FNDA:0,(anonymous_8)
DA:1,1
DA:4,0
DA:5,0
DA:6,0
DA:7,0
DA:8,0
DA:12,0
DA:13,0
DA:14,0
DA:15,0
DA:17,0
DA:19,0
DA:23,1
LF:13
LH:2
BRDA:12,0,0,0
BRDA:12,0,1,0
BRDA:13,1,0,0
BRDA:13,1,1,0
BRF:4
BRH:0
end_of_record
TN:
SF:utils/jwtGenerator.js
FN:4,generateToken
FNF:1
FNH:0
FNDA:0,generateToken
DA:1,1
DA:2,1
DA:5,0
DA:6,0
DA:12,0
DA:16,0
DA:18,0
DA:22,1
LF:8
LH:3
BRF:0
BRH:0
end_of_record
TN:
SF:utils/jwtResetToken.js
FN:5,generateResetToken
FNF:1
FNH:0
FNDA:0,generateResetToken
DA:1,1
DA:2,1
DA:3,1
DA:6,0
DA:9,1
LF:5
LH:4
BRF:0
BRH:0
end_of_record
TN:
SF:utils/queryParser.js
FN:1,parseQueryParams
FNF:1
FNH:0
FNDA:0,parseQueryParams
DA:5,0
DA:7,0
DA:8,0
DA:13,0
DA:14,0
DA:19,0
DA:20,0
DA:26,0
DA:27,0
DA:33,0
DA:34,0
DA:41,0
DA:42,0
DA:43,0
DA:45,0
DA:47,0
DA:71,1
LF:17
LH:1
BRDA:3,0,0,0
BRDA:3,1,0,0
BRDA:3,2,0,0
BRDA:4,3,0,0
BRDA:4,4,0,0
BRDA:7,5,0,0
BRDA:7,5,1,0
BRDA:7,6,0,0
BRDA:7,6,1,0
BRDA:13,7,0,0
BRDA:13,7,1,0
BRDA:13,8,0,0
BRDA:13,8,1,0
BRDA:19,9,0,0
BRDA:19,9,1,0
BRDA:19,10,0,0
BRDA:19,10,1,0
BRDA:19,10,2,0
BRDA:26,11,0,0
BRDA:26,11,1,0
BRDA:33,12,0,0
BRDA:33,12,1,0
BRDA:33,13,0,0
BRDA:33,13,1,0
BRDA:66,14,0,0
BRDA:66,14,1,0
BRDA:67,15,0,0
BRDA:67,15,1,0
BRF:28
BRH:0
end_of_record
TN:
SF:utils/searchBuilder.js
FN:1,buildSearchConditions
FN:11,(anonymous_1)
FNF:2
FNH:0
FNDA:0,buildSearchConditions
FNDA:0,(anonymous_1)
DA:11,0
DA:12,0
DA:13,0
DA:14,0
DA:15,0
DA:17,0
DA:20,0
DA:21,0
DA:28,0
DA:29,0
DA:30,0
DA:31,0
DA:33,0
DA:34,0
DA:35,0
DA:38,0
DA:52,0
DA:55,1
LF:18
LH:1
BRDA:7,0,0,0
BRDA:12,1,0,0
BRDA:12,1,1,0
BRDA:14,2,0,0
BRDA:14,2,1,0
BRDA:28,3,0,0
BRDA:28,3,1,0
BRDA:39,4,0,0
BRDA:39,4,1,0
BRDA:39,4,2,0
BRDA:42,5,0,0
BRDA:42,5,1,0
BRDA:48,6,0,0
BRDA:48,6,1,0
BRF:14
BRH:0
end_of_record
TN:
SF:utils/seatCalculator.js
FN:4,calculateAvailableSeats
FNF:1
FNH:0
FNDA:0,calculateAvailableSeats
DA:1,1
DA:2,1
DA:5,0
DA:6,0
DA:7,0
DA:10,1
LF:6
LH:3
BRF:0
BRH:0
end_of_record
TN:
SF:utils/sortingBuilder.js
FN:1,buildSortingConditions
FN:25,sortPlanesByPrice
FN:27,(anonymous_2)
FN:28,(anonymous_3)
FN:29,(anonymous_4)
FN:33,(anonymous_5)
FN:34,(anonymous_6)
FN:35,(anonymous_7)
FNF:8
FNH:0
FNDA:0,buildSortingConditions
FNDA:0,sortPlanesByPrice
FNDA:0,(anonymous_2)
FNDA:0,(anonymous_3)
FNDA:0,(anonymous_4)
FNDA:0,(anonymous_5)
FNDA:0,(anonymous_6)
FNDA:0,(anonymous_7)
DA:2,0
DA:4,0
DA:5,0
DA:6,0
DA:7,0
DA:10,0
DA:11,0
DA:12,0
DA:13,0
DA:16,0
DA:17,0
DA:18,0
DA:19,0
DA:22,0
DA:26,0
DA:27,0
DA:28,0
DA:29,0
DA:30,0
DA:32,0
DA:33,0
DA:34,0
DA:35,0
DA:36,0
DA:41,1
LF:25
LH:1
BRDA:4,0,0,0
BRDA:4,0,1,0
BRDA:6,1,0,0
BRDA:6,1,1,0
BRDA:10,2,0,0
BRDA:10,2,1,0
BRDA:12,3,0,0
BRDA:12,3,1,0
BRDA:16,4,0,0
BRDA:16,4,1,0
BRDA:18,5,0,0
BRDA:18,5,1,0
BRDA:26,6,0,0
BRDA:26,6,1,0
BRDA:32,7,0,0
BRDA:32,7,1,0
BRF:16
BRH:0
end_of_record
